<?xml version="1.0" encoding="UTF-8"?>
<coverage generated="1483366840727" clover="3.2.0">
  <project timestamp="1483366840727" name="All files">
    <metrics statements="220" coveredstatements="164" conditionals="50" coveredconditionals="23" methods="120" coveredmethods="78" elements="390" coveredelements="265" complexity="0" loc="220" ncloc="220" packages="7" files="20" classes="20">
      <package name="src">
        <metrics statements="46" coveredstatements="35" conditionals="7" coveredconditionals="4" methods="20" coveredmethods="13"/>
        <file name="api.js" path="/home/marcos/codeminer/zombie-react/src/api.js">
          <metrics statements="23" coveredstatements="21" conditionals="0" coveredconditionals="0" methods="11" coveredmethods="9"/>
          <line num="5" count="9" type="stmt"/>
          <line num="7" count="9" type="stmt"/>
          <line num="8" count="1" type="stmt"/>
          <line num="10" count="9" type="stmt"/>
          <line num="11" count="3" type="stmt"/>
          <line num="13" count="9" type="stmt"/>
          <line num="14" count="1" type="stmt"/>
          <line num="16" count="9" type="stmt"/>
          <line num="17" count="0" type="stmt"/>
          <line num="19" count="9" type="stmt"/>
          <line num="20" count="1" type="stmt"/>
          <line num="22" count="9" type="stmt"/>
          <line num="23" count="1" type="stmt"/>
          <line num="25" count="9" type="stmt"/>
          <line num="26" count="0" type="stmt"/>
          <line num="28" count="9" type="stmt"/>
          <line num="29" count="1" type="stmt"/>
          <line num="31" count="9" type="stmt"/>
          <line num="32" count="1" type="stmt"/>
          <line num="34" count="9" type="stmt"/>
          <line num="35" count="1" type="stmt"/>
          <line num="37" count="9" type="stmt"/>
          <line num="38" count="1" type="stmt"/>
        </file>
        <file name="helpers.js" path="/home/marcos/codeminer/zombie-react/src/helpers.js">
          <metrics statements="14" coveredstatements="8" conditionals="5" coveredconditionals="3" methods="7" coveredmethods="3"/>
          <line num="1" count="11" type="stmt"/>
          <line num="2" count="0" type="stmt"/>
          <line num="4" count="11" type="stmt"/>
          <line num="5" count="0" type="stmt"/>
          <line num="7" count="0" type="stmt"/>
          <line num="9" count="0" type="stmt"/>
          <line num="12" count="11" type="stmt"/>
          <line num="13" count="0" type="stmt"/>
          <line num="15" count="11" type="stmt"/>
          <line num="16" count="13" type="stmt"/>
          <line num="17" count="19" type="stmt"/>
          <line num="21" count="11" type="stmt"/>
          <line num="22" count="0" type="stmt"/>
          <line num="24" count="11" type="stmt"/>
        </file>
        <file name="localStorage.js" path="/home/marcos/codeminer/zombie-react/src/localStorage.js">
          <metrics statements="9" coveredstatements="6" conditionals="2" coveredconditionals="1" methods="2" coveredmethods="1"/>
          <line num="1" count="4" type="stmt"/>
          <line num="2" count="0" type="stmt"/>
          <line num="3" count="0" type="stmt"/>
          <line num="4" count="0" type="stmt"/>
          <line num="8" count="4" type="stmt"/>
          <line num="9" count="4" type="stmt"/>
          <line num="10" count="4" type="stmt"/>
          <line num="11" count="4" type="stmt"/>
          <line num="15" count="4" type="stmt"/>
        </file>
      </package>
      <package name="src.actions">
        <metrics statements="23" coveredstatements="14" conditionals="0" coveredconditionals="0" methods="18" coveredmethods="8"/>
        <file name="survivor-actions.js" path="/home/marcos/codeminer/zombie-react/src/actions/survivor-actions.js">
          <metrics statements="23" coveredstatements="14" conditionals="0" coveredconditionals="0" methods="18" coveredmethods="8"/>
          <line num="12" count="2" type="stmt"/>
          <line num="13" count="0" type="stmt"/>
          <line num="14" count="0" type="stmt"/>
          <line num="18" count="2" type="stmt"/>
          <line num="19" count="0" type="stmt"/>
          <line num="21" count="0" type="stmt"/>
          <line num="22" count="0" type="stmt"/>
          <line num="27" count="2" type="stmt"/>
          <line num="28" count="0" type="stmt"/>
          <line num="29" count="0" type="stmt"/>
          <line num="32" count="2" type="stmt"/>
          <line num="33" count="0" type="stmt"/>
          <line num="34" count="0" type="stmt"/>
          <line num="37" count="2" type="stmt"/>
          <line num="38" count="2" type="stmt"/>
          <line num="43" count="2" type="stmt"/>
          <line num="44" count="1" type="stmt"/>
          <line num="45" count="1" type="stmt"/>
          <line num="47" count="2" type="stmt"/>
          <line num="48" count="2" type="stmt"/>
          <line num="53" count="2" type="stmt"/>
          <line num="54" count="1" type="stmt"/>
          <line num="55" count="1" type="stmt"/>
        </file>
      </package>
      <package name="src.components">
        <metrics statements="16" coveredstatements="12" conditionals="11" coveredconditionals="5" methods="11" coveredmethods="7"/>
        <file name="properties.js" path="/home/marcos/codeminer/zombie-react/src/components/properties.js">
          <metrics statements="4" coveredstatements="3" conditionals="3" coveredconditionals="2" methods="3" coveredmethods="2"/>
          <line num="3" count="2" type="stmt"/>
          <line num="4" count="0" type="stmt"/>
          <line num="10" count="2" type="stmt"/>
          <line num="14" count="4" type="stmt"/>
        </file>
        <file name="report.js" path="/home/marcos/codeminer/zombie-react/src/components/report.js">
          <metrics statements="8" coveredstatements="6" conditionals="2" coveredconditionals="0" methods="5" coveredmethods="3"/>
          <line num="4" count="1" type="stmt"/>
          <line num="10" count="1" type="stmt"/>
          <line num="11" count="1" type="stmt"/>
          <line num="12" count="2" type="stmt"/>
          <line num="15" count="1" type="stmt"/>
          <line num="16" count="0" type="stmt"/>
          <line num="22" count="1" type="stmt"/>
          <line num="23" count="0" type="stmt"/>
        </file>
        <file name="survivor.js" path="/home/marcos/codeminer/zombie-react/src/components/survivor.js">
          <metrics statements="4" coveredstatements="3" conditionals="6" coveredconditionals="3" methods="3" coveredmethods="2"/>
          <line num="4" count="1" type="stmt"/>
          <line num="5" count="1" type="stmt"/>
          <line num="6" count="0" type="stmt"/>
          <line num="11" count="1" type="stmt"/>
        </file>
      </package>
      <package name="src.ducks">
        <metrics statements="82" coveredstatements="76" conditionals="26" coveredconditionals="13" methods="48" coveredmethods="45"/>
        <file name="is-signed.js" path="/home/marcos/codeminer/zombie-react/src/ducks/is-signed.js">
          <metrics statements="5" coveredstatements="4" conditionals="6" coveredconditionals="3" methods="1" coveredmethods="1"/>
          <line num="4" count="1" type="stmt"/>
          <line num="7" count="2" type="stmt"/>
          <line num="9" count="1" type="stmt"/>
          <line num="11" count="1" type="stmt"/>
          <line num="13" count="0" type="stmt"/>
        </file>
        <file name="items.js" path="/home/marcos/codeminer/zombie-react/src/ducks/items.js">
          <metrics statements="12" coveredstatements="11" conditionals="4" coveredconditionals="2" methods="6" coveredmethods="6"/>
          <line num="3" count="3" type="stmt"/>
          <line num="4" count="3" type="stmt"/>
          <line num="7" count="2" type="stmt"/>
          <line num="9" count="1" type="stmt"/>
          <line num="14" count="1" type="stmt"/>
          <line num="16" count="0" type="stmt"/>
          <line num="20" count="3" type="stmt"/>
          <line num="24" count="3" type="stmt"/>
          <line num="29" count="3" type="stmt"/>
          <line num="30" count="3" type="stmt"/>
          <line num="31" count="1" type="stmt"/>
          <line num="33" count="1" type="stmt"/>
        </file>
        <file name="my-survivor.js" path="/home/marcos/codeminer/zombie-react/src/ducks/my-survivor.js">
          <metrics statements="26" coveredstatements="23" conditionals="9" coveredconditionals="5" methods="16" coveredmethods="13"/>
          <line num="6" count="4" type="stmt"/>
          <line num="7" count="4" type="stmt"/>
          <line num="9" count="4" type="stmt"/>
          <line num="10" count="4" type="stmt"/>
          <line num="11" count="4" type="stmt"/>
          <line num="13" count="4" type="stmt"/>
          <line num="16" count="5" type="stmt"/>
          <line num="21" count="4" type="stmt"/>
          <line num="23" count="1" type="stmt"/>
          <line num="25" count="0" type="stmt"/>
          <line num="29" count="4" type="stmt"/>
          <line num="33" count="4" type="stmt"/>
          <line num="37" count="4" type="stmt"/>
          <line num="41" count="4" type="stmt"/>
          <line num="45" count="4" type="stmt"/>
          <line num="50" count="4" type="stmt"/>
          <line num="52" count="4" type="stmt"/>
          <line num="53" count="1" type="stmt"/>
          <line num="54" count="1" type="stmt"/>
          <line num="56" count="4" type="stmt"/>
          <line num="57" count="0" type="stmt"/>
          <line num="58" count="0" type="stmt"/>
          <line num="60" count="4" type="stmt"/>
          <line num="61" count="2" type="stmt"/>
          <line num="63" count="1" type="stmt"/>
          <line num="64" count="1" type="stmt"/>
        </file>
        <file name="pagination.js" path="/home/marcos/codeminer/zombie-react/src/ducks/pagination.js">
          <metrics statements="6" coveredstatements="6" conditionals="0" coveredconditionals="0" methods="2" coveredmethods="2"/>
          <line num="4" count="3" type="stmt"/>
          <line num="5" count="3" type="stmt"/>
          <line num="12" count="3" type="stmt"/>
          <line num="16" count="3" type="stmt"/>
          <line num="21" count="3" type="stmt"/>
          <line num="22" count="3" type="stmt"/>
        </file>
        <file name="raw.js" path="/home/marcos/codeminer/zombie-react/src/ducks/raw.js">
          <metrics statements="5" coveredstatements="5" conditionals="0" coveredconditionals="0" methods="4" coveredmethods="4"/>
          <line num="4" count="3" type="stmt"/>
          <line num="8" count="3" type="stmt"/>
          <line num="13" count="3" type="stmt"/>
          <line num="14" count="1" type="stmt"/>
          <line num="15" count="1" type="stmt"/>
        </file>
        <file name="report-list.js" path="/home/marcos/codeminer/zombie-react/src/ducks/report-list.js">
          <metrics statements="5" coveredstatements="5" conditionals="0" coveredconditionals="0" methods="4" coveredmethods="4"/>
          <line num="5" count="1" type="stmt"/>
          <line num="9" count="3" type="stmt"/>
          <line num="14" count="1" type="stmt"/>
          <line num="15" count="1" type="stmt"/>
          <line num="16" count="1" type="stmt"/>
        </file>
        <file name="report.js" path="/home/marcos/codeminer/zombie-react/src/ducks/report.js">
          <metrics statements="6" coveredstatements="6" conditionals="3" coveredconditionals="1" methods="5" coveredmethods="5"/>
          <line num="3" count="1" type="stmt"/>
          <line num="6" count="1" type="stmt"/>
          <line num="10" count="3" type="stmt"/>
          <line num="15" count="1" type="stmt"/>
          <line num="16" count="1" type="stmt"/>
          <line num="17" count="1" type="stmt"/>
        </file>
        <file name="survivor.js" path="/home/marcos/codeminer/zombie-react/src/ducks/survivor.js">
          <metrics statements="14" coveredstatements="13" conditionals="4" coveredconditionals="2" methods="9" coveredmethods="9"/>
          <line num="3" count="5" type="stmt"/>
          <line num="4" count="5" type="stmt"/>
          <line num="7" count="2" type="stmt"/>
          <line num="9" count="1" type="stmt"/>
          <line num="11" count="1" type="stmt"/>
          <line num="13" count="0" type="stmt"/>
          <line num="17" count="5" type="stmt"/>
          <line num="21" count="5" type="stmt"/>
          <line num="26" count="5" type="stmt"/>
          <line num="27" count="1" type="stmt"/>
          <line num="28" count="1" type="stmt"/>
          <line num="31" count="5" type="stmt"/>
          <line num="32" count="1" type="stmt"/>
          <line num="33" count="1" type="stmt"/>
        </file>
        <file name="survivors.js" path="/home/marcos/codeminer/zombie-react/src/ducks/survivors.js">
          <metrics statements="3" coveredstatements="3" conditionals="0" coveredconditionals="0" methods="1" coveredmethods="1"/>
          <line num="3" count="3" type="stmt"/>
          <line num="7" count="3" type="stmt"/>
          <line num="12" count="3" type="stmt"/>
        </file>
      </package>
      <package name="src.fetchers">
        <metrics statements="4" coveredstatements="1" conditionals="0" coveredconditionals="0" methods="3" coveredmethods="0"/>
        <file name="survivor-fetcher.js" path="/home/marcos/codeminer/zombie-react/src/fetchers/survivor-fetcher.js">
          <metrics statements="4" coveredstatements="1" conditionals="0" coveredconditionals="0" methods="3" coveredmethods="0"/>
          <line num="7" count="0" type="stmt"/>
          <line num="11" count="0" type="stmt"/>
          <line num="15" count="1" type="stmt"/>
          <line num="17" count="0" type="stmt"/>
        </file>
      </package>
      <package name="src.selectors">
        <metrics statements="42" coveredstatements="21" conditionals="6" coveredconditionals="1" methods="19" coveredmethods="4"/>
        <file name="survivor-list-selector.js" path="/home/marcos/codeminer/zombie-react/src/selectors/survivor-list-selector.js">
          <metrics statements="15" coveredstatements="7" conditionals="4" coveredconditionals="0" methods="7" coveredmethods="0"/>
          <line num="5" count="2" type="stmt"/>
          <line num="7" count="2" type="stmt"/>
          <line num="8" count="0" type="stmt"/>
          <line num="10" count="2" type="stmt"/>
          <line num="11" count="0" type="stmt"/>
          <line num="12" count="0" type="stmt"/>
          <line num="15" count="0" type="stmt"/>
          <line num="19" count="0" type="stmt"/>
          <line num="29" count="2" type="stmt"/>
          <line num="30" count="2" type="stmt"/>
          <line num="31" count="2" type="stmt"/>
          <line num="33" count="2" type="stmt"/>
          <line num="36" count="0" type="stmt"/>
          <line num="37" count="0" type="stmt"/>
          <line num="39" count="0" type="stmt"/>
        </file>
        <file name="survivor-selector.js" path="/home/marcos/codeminer/zombie-react/src/selectors/survivor-selector.js">
          <metrics statements="27" coveredstatements="14" conditionals="2" coveredconditionals="1" methods="12" coveredmethods="4"/>
          <line num="4" count="9" type="stmt"/>
          <line num="5" count="0" type="stmt"/>
          <line num="7" count="9" type="stmt"/>
          <line num="8" count="0" type="stmt"/>
          <line num="10" count="9" type="stmt"/>
          <line num="11" count="0" type="stmt"/>
          <line num="12" count="0" type="stmt"/>
          <line num="15" count="9" type="stmt"/>
          <line num="16" count="9" type="stmt"/>
          <line num="18" count="9" type="stmt"/>
          <line num="21" count="0" type="stmt"/>
          <line num="24" count="9" type="stmt"/>
          <line num="25" count="1" type="stmt"/>
          <line num="26" count="1" type="stmt"/>
          <line num="29" count="9" type="stmt"/>
          <line num="30" count="1" type="stmt"/>
          <line num="31" count="1" type="stmt"/>
          <line num="36" count="9" type="stmt"/>
          <line num="40" count="9" type="stmt"/>
          <line num="41" count="0" type="stmt"/>
          <line num="42" count="0" type="stmt"/>
          <line num="43" count="0" type="stmt"/>
          <line num="45" count="0" type="stmt"/>
          <line num="51" count="0" type="stmt"/>
          <line num="52" count="0" type="stmt"/>
          <line num="53" count="0" type="stmt"/>
          <line num="54" count="0" type="stmt"/>
        </file>
      </package>
      <package name="test">
        <metrics statements="7" coveredstatements="5" conditionals="0" coveredconditionals="0" methods="1" coveredmethods="1"/>
        <file name="localStorageSetup.js" path="/home/marcos/codeminer/zombie-react/test/localStorageSetup.js">
          <metrics statements="7" coveredstatements="5" conditionals="0" coveredconditionals="0" methods="1" coveredmethods="1"/>
          <line num="1" count="15" type="stmt"/>
          <line num="2" count="15" type="stmt"/>
          <line num="3" count="15" type="stmt"/>
          <line num="5" count="4" type="stmt"/>
          <line num="8" count="0" type="stmt"/>
          <line num="11" count="0" type="stmt"/>
          <line num="16" count="15" type="stmt"/>
        </file>
      </package>
    </metrics>
  </project>
</coverage>
