{"/home/marcos/codeminer/zombie-react/src/api.js": {"path":"/home/marcos/codeminer/zombie-react/src/api.js","statementMap":{"0":{"start":{"line":5,"column":32},"end":{"line":5,"column":106}},"1":{"start":{"line":7,"column":25},"end":{"line":8,"column":42}},"2":{"start":{"line":8,"column":2},"end":{"line":8,"column":42}},"3":{"start":{"line":10,"column":25},"end":{"line":11,"column":48}},"4":{"start":{"line":11,"column":2},"end":{"line":11,"column":48}},"5":{"start":{"line":13,"column":35},"end":{"line":14,"column":72}},"6":{"start":{"line":14,"column":2},"end":{"line":14,"column":72}},"7":{"start":{"line":16,"column":26},"end":{"line":17,"column":53}},"8":{"start":{"line":17,"column":2},"end":{"line":17,"column":53}},"9":{"start":{"line":19,"column":27},"end":{"line":20,"column":88}},"10":{"start":{"line":20,"column":2},"end":{"line":20,"column":88}},"11":{"start":{"line":22,"column":27},"end":{"line":23,"column":30}},"12":{"start":{"line":23,"column":2},"end":{"line":23,"column":30}},"13":{"start":{"line":25,"column":23},"end":{"line":26,"column":49}},"14":{"start":{"line":26,"column":2},"end":{"line":26,"column":49}},"15":{"start":{"line":28,"column":24},"end":{"line":29,"column":59}},"16":{"start":{"line":29,"column":2},"end":{"line":29,"column":59}},"17":{"start":{"line":31,"column":29},"end":{"line":32,"column":42}},"18":{"start":{"line":32,"column":2},"end":{"line":32,"column":42}},"19":{"start":{"line":34,"column":25},"end":{"line":35,"column":21}},"20":{"start":{"line":35,"column":2},"end":{"line":35,"column":21}},"21":{"start":{"line":37,"column":25},"end":{"line":38,"column":78}},"22":{"start":{"line":38,"column":2},"end":{"line":38,"column":78}}},"fnMap":{"0":{"name":"(anonymous_0)","decl":{"start":{"line":7,"column":25},"end":{"line":7,"column":26}},"loc":{"start":{"line":8,"column":2},"end":{"line":8,"column":42}}},"1":{"name":"(anonymous_1)","decl":{"start":{"line":10,"column":25},"end":{"line":10,"column":26}},"loc":{"start":{"line":11,"column":2},"end":{"line":11,"column":48}}},"2":{"name":"(anonymous_2)","decl":{"start":{"line":13,"column":35},"end":{"line":13,"column":36}},"loc":{"start":{"line":14,"column":2},"end":{"line":14,"column":72}}},"3":{"name":"(anonymous_3)","decl":{"start":{"line":16,"column":26},"end":{"line":16,"column":27}},"loc":{"start":{"line":17,"column":2},"end":{"line":17,"column":53}}},"4":{"name":"(anonymous_4)","decl":{"start":{"line":19,"column":27},"end":{"line":19,"column":28}},"loc":{"start":{"line":20,"column":2},"end":{"line":20,"column":88}}},"5":{"name":"(anonymous_5)","decl":{"start":{"line":22,"column":27},"end":{"line":22,"column":28}},"loc":{"start":{"line":23,"column":2},"end":{"line":23,"column":30}}},"6":{"name":"(anonymous_6)","decl":{"start":{"line":25,"column":23},"end":{"line":25,"column":24}},"loc":{"start":{"line":26,"column":2},"end":{"line":26,"column":49}}},"7":{"name":"(anonymous_7)","decl":{"start":{"line":28,"column":24},"end":{"line":28,"column":25}},"loc":{"start":{"line":29,"column":2},"end":{"line":29,"column":59}}},"8":{"name":"(anonymous_8)","decl":{"start":{"line":31,"column":29},"end":{"line":31,"column":30}},"loc":{"start":{"line":32,"column":2},"end":{"line":32,"column":42}}},"9":{"name":"(anonymous_9)","decl":{"start":{"line":34,"column":25},"end":{"line":34,"column":26}},"loc":{"start":{"line":35,"column":2},"end":{"line":35,"column":21}}},"10":{"name":"(anonymous_10)","decl":{"start":{"line":37,"column":25},"end":{"line":37,"column":26}},"loc":{"start":{"line":38,"column":2},"end":{"line":38,"column":78}}}},"branchMap":{},"s":{"0":9,"1":9,"2":1,"3":9,"4":3,"5":9,"6":1,"7":9,"8":0,"9":9,"10":1,"11":9,"12":1,"13":9,"14":0,"15":9,"16":1,"17":9,"18":1,"19":9,"20":1,"21":9,"22":1},"f":{"0":1,"1":3,"2":1,"3":0,"4":1,"5":1,"6":0,"7":1,"8":1,"9":1,"10":1},"b":{},"_coverageSchema":"332fd63041d2c1bcb487cc26dd0d5f7d97098a6c","hash":"cd8979eedeb724e2752dd4b44485f88851491416"}
,"/home/marcos/codeminer/zombie-react/src/helpers.js": {"path":"/home/marcos/codeminer/zombie-react/src/helpers.js","statementMap":{"0":{"start":{"line":1,"column":30},"end":{"line":2,"column":82}},"1":{"start":{"line":2,"column":2},"end":{"line":2,"column":82}},"2":{"start":{"line":4,"column":29},"end":{"line":10,"column":1}},"3":{"start":{"line":5,"column":2},"end":{"line":5,"column":38}},"4":{"start":{"line":5,"column":15},"end":{"line":5,"column":38}},"5":{"start":{"line":7,"column":21},"end":{"line":7,"column":68}},"6":{"start":{"line":9,"column":2},"end":{"line":9,"column":31}},"7":{"start":{"line":12,"column":23},"end":{"line":13,"column":43}},"8":{"start":{"line":13,"column":2},"end":{"line":13,"column":43}},"9":{"start":{"line":15,"column":29},"end":{"line":19,"column":13}},"10":{"start":{"line":16,"column":2},"end":{"line":19,"column":13}},"11":{"start":{"line":17,"column":4},"end":{"line":19,"column":13}},"12":{"start":{"line":21,"column":27},"end":{"line":22,"column":56}},"13":{"start":{"line":22,"column":2},"end":{"line":22,"column":56}},"14":{"start":{"line":24,"column":36},"end":{"line":27,"column":14}},"15":{"start":{"line":24,"column":53},"end":{"line":27,"column":13}}},"fnMap":{"0":{"name":"(anonymous_0)","decl":{"start":{"line":1,"column":30},"end":{"line":1,"column":31}},"loc":{"start":{"line":2,"column":2},"end":{"line":2,"column":82}}},"1":{"name":"(anonymous_1)","decl":{"start":{"line":4,"column":29},"end":{"line":4,"column":30}},"loc":{"start":{"line":4,"column":39},"end":{"line":10,"column":1}}},"2":{"name":"(anonymous_2)","decl":{"start":{"line":12,"column":23},"end":{"line":12,"column":24}},"loc":{"start":{"line":13,"column":2},"end":{"line":13,"column":43}}},"3":{"name":"(anonymous_3)","decl":{"start":{"line":15,"column":29},"end":{"line":15,"column":30}},"loc":{"start":{"line":16,"column":2},"end":{"line":19,"column":13}}},"4":{"name":"(anonymous_4)","decl":{"start":{"line":16,"column":2},"end":{"line":16,"column":3}},"loc":{"start":{"line":17,"column":4},"end":{"line":19,"column":13}}},"5":{"name":"(anonymous_5)","decl":{"start":{"line":21,"column":27},"end":{"line":21,"column":28}},"loc":{"start":{"line":22,"column":2},"end":{"line":22,"column":56}}},"6":{"name":"(anonymous_6)","decl":{"start":{"line":24,"column":36},"end":{"line":24,"column":37}},"loc":{"start":{"line":24,"column":53},"end":{"line":27,"column":13}}}},"branchMap":{"0":{"loc":{"start":{"line":5,"column":2},"end":{"line":5,"column":38}},"type":"if","locations":[{"start":{"line":5,"column":2},"end":{"line":5,"column":38}},{"start":{"line":5,"column":2},"end":{"line":5,"column":38}}]},"1":{"loc":{"start":{"line":16,"column":3},"end":{"line":16,"column":23}},"type":"default-arg","locations":[{"start":{"line":16,"column":11},"end":{"line":16,"column":23}}]},"2":{"loc":{"start":{"line":17,"column":4},"end":{"line":19,"column":13}},"type":"cond-expr","locations":[{"start":{"line":18,"column":8},"end":{"line":18,"column":22}},{"start":{"line":19,"column":8},"end":{"line":19,"column":13}}]}},"s":{"0":11,"1":0,"2":11,"3":0,"4":0,"5":0,"6":0,"7":11,"8":0,"9":11,"10":13,"11":19,"12":11,"13":0,"14":11,"15":4},"f":{"0":0,"1":0,"2":0,"3":13,"4":19,"5":0,"6":4},"b":{"0":[0,0],"1":[12],"2":[5,14]},"_coverageSchema":"332fd63041d2c1bcb487cc26dd0d5f7d97098a6c","hash":"a4301e25b221510b4eacdb930a62a16199a7d5ce"}
,"/home/marcos/codeminer/zombie-react/src/localStorage.js": {"path":"/home/marcos/codeminer/zombie-react/src/localStorage.js","statementMap":{"0":{"start":{"line":1,"column":25},"end":{"line":6,"column":1}},"1":{"start":{"line":2,"column":2},"end":{"line":5,"column":19}},"2":{"start":{"line":3,"column":28},"end":{"line":3,"column":49}},"3":{"start":{"line":4,"column":4},"end":{"line":4,"column":46}},"4":{"start":{"line":8,"column":25},"end":{"line":17,"column":1}},"5":{"start":{"line":9,"column":2},"end":{"line":16,"column":3}},"6":{"start":{"line":10,"column":28},"end":{"line":10,"column":53}},"7":{"start":{"line":11,"column":4},"end":{"line":13,"column":35}},"8":{"start":{"line":15,"column":4},"end":{"line":15,"column":20}}},"fnMap":{"0":{"name":"(anonymous_0)","decl":{"start":{"line":1,"column":25},"end":{"line":1,"column":26}},"loc":{"start":{"line":1,"column":41},"end":{"line":6,"column":1}}},"1":{"name":"(anonymous_1)","decl":{"start":{"line":8,"column":25},"end":{"line":8,"column":26}},"loc":{"start":{"line":8,"column":34},"end":{"line":17,"column":1}}}},"branchMap":{"0":{"loc":{"start":{"line":11,"column":11},"end":{"line":13,"column":35}},"type":"cond-expr","locations":[{"start":{"line":12,"column":8},"end":{"line":12,"column":17}},{"start":{"line":13,"column":8},"end":{"line":13,"column":35}}]}},"s":{"0":4,"1":0,"2":0,"3":0,"4":4,"5":4,"6":4,"7":4,"8":4},"f":{"0":0,"1":4},"b":{"0":[0,4]},"_coverageSchema":"332fd63041d2c1bcb487cc26dd0d5f7d97098a6c","hash":"7be33c0fde648980df87c71231ec5d7054980862"}
,"/home/marcos/codeminer/zombie-react/src/actions/survivor-actions.js": {"path":"/home/marcos/codeminer/zombie-react/src/actions/survivor-actions.js","statementMap":{"0":{"start":{"line":12,"column":28},"end":{"line":16,"column":1}},"1":{"start":{"line":12,"column":34},"end":{"line":16,"column":1}},"2":{"start":{"line":13,"column":2},"end":{"line":15,"column":3}},"3":{"start":{"line":14,"column":4},"end":{"line":14,"column":61}},"4":{"start":{"line":18,"column":30},"end":{"line":25,"column":1}},"5":{"start":{"line":18,"column":40},"end":{"line":25,"column":1}},"6":{"start":{"line":19,"column":2},"end":{"line":24,"column":3}},"7":{"start":{"line":21,"column":6},"end":{"line":21,"column":50}},"8":{"start":{"line":22,"column":6},"end":{"line":22,"column":32}},"9":{"start":{"line":27,"column":39},"end":{"line":30,"column":1}},"10":{"start":{"line":27,"column":49},"end":{"line":30,"column":1}},"11":{"start":{"line":28,"column":2},"end":{"line":28,"column":39}},"12":{"start":{"line":29,"column":2},"end":{"line":29,"column":24}},"13":{"start":{"line":32,"column":31},"end":{"line":35,"column":1}},"14":{"start":{"line":32,"column":39},"end":{"line":35,"column":1}},"15":{"start":{"line":33,"column":2},"end":{"line":33,"column":29}},"16":{"start":{"line":34,"column":2},"end":{"line":34,"column":26}},"17":{"start":{"line":37,"column":33},"end":{"line":37,"column":59}},"18":{"start":{"line":38,"column":44},"end":{"line":41,"column":2}},"19":{"start":{"line":38,"column":51},"end":{"line":41,"column":1}},"20":{"start":{"line":43,"column":38},"end":{"line":45,"column":57}},"21":{"start":{"line":43,"column":56},"end":{"line":45,"column":57}},"22":{"start":{"line":44,"column":2},"end":{"line":45,"column":57}},"23":{"start":{"line":45,"column":16},"end":{"line":45,"column":56}},"24":{"start":{"line":47,"column":26},"end":{"line":47,"column":43}},"25":{"start":{"line":48,"column":38},"end":{"line":51,"column":2}},"26":{"start":{"line":48,"column":49},"end":{"line":51,"column":1}},"27":{"start":{"line":53,"column":32},"end":{"line":55,"column":62}},"28":{"start":{"line":53,"column":38},"end":{"line":55,"column":62}},"29":{"start":{"line":54,"column":2},"end":{"line":55,"column":62}},"30":{"start":{"line":55,"column":19},"end":{"line":55,"column":61}}},"fnMap":{"0":{"name":"(anonymous_0)","decl":{"start":{"line":12,"column":28},"end":{"line":12,"column":29}},"loc":{"start":{"line":12,"column":34},"end":{"line":16,"column":1}}},"1":{"name":"(anonymous_1)","decl":{"start":{"line":12,"column":34},"end":{"line":12,"column":35}},"loc":{"start":{"line":12,"column":48},"end":{"line":16,"column":1}}},"2":{"name":"(anonymous_2)","decl":{"start":{"line":13,"column":34},"end":{"line":13,"column":35}},"loc":{"start":{"line":14,"column":4},"end":{"line":14,"column":61}}},"3":{"name":"(anonymous_3)","decl":{"start":{"line":18,"column":30},"end":{"line":18,"column":31}},"loc":{"start":{"line":18,"column":40},"end":{"line":25,"column":1}}},"4":{"name":"(anonymous_4)","decl":{"start":{"line":18,"column":40},"end":{"line":18,"column":41}},"loc":{"start":{"line":18,"column":54},"end":{"line":25,"column":1}}},"5":{"name":"(anonymous_5)","decl":{"start":{"line":20,"column":10},"end":{"line":20,"column":11}},"loc":{"start":{"line":20,"column":22},"end":{"line":23,"column":5}}},"6":{"name":"(anonymous_6)","decl":{"start":{"line":27,"column":39},"end":{"line":27,"column":40}},"loc":{"start":{"line":27,"column":49},"end":{"line":30,"column":1}}},"7":{"name":"(anonymous_7)","decl":{"start":{"line":27,"column":49},"end":{"line":27,"column":50}},"loc":{"start":{"line":27,"column":63},"end":{"line":30,"column":1}}},"8":{"name":"(anonymous_8)","decl":{"start":{"line":32,"column":31},"end":{"line":32,"column":32}},"loc":{"start":{"line":32,"column":39},"end":{"line":35,"column":1}}},"9":{"name":"(anonymous_9)","decl":{"start":{"line":32,"column":39},"end":{"line":32,"column":40}},"loc":{"start":{"line":32,"column":53},"end":{"line":35,"column":1}}},"10":{"name":"(anonymous_10)","decl":{"start":{"line":38,"column":44},"end":{"line":38,"column":45}},"loc":{"start":{"line":38,"column":51},"end":{"line":41,"column":1}}},"11":{"name":"(anonymous_11)","decl":{"start":{"line":43,"column":38},"end":{"line":43,"column":39}},"loc":{"start":{"line":43,"column":56},"end":{"line":45,"column":57}}},"12":{"name":"(anonymous_12)","decl":{"start":{"line":43,"column":56},"end":{"line":43,"column":57}},"loc":{"start":{"line":44,"column":2},"end":{"line":45,"column":57}}},"13":{"name":"(anonymous_13)","decl":{"start":{"line":45,"column":10},"end":{"line":45,"column":11}},"loc":{"start":{"line":45,"column":16},"end":{"line":45,"column":56}}},"14":{"name":"(anonymous_14)","decl":{"start":{"line":48,"column":38},"end":{"line":48,"column":39}},"loc":{"start":{"line":48,"column":49},"end":{"line":51,"column":1}}},"15":{"name":"(anonymous_15)","decl":{"start":{"line":53,"column":32},"end":{"line":53,"column":33}},"loc":{"start":{"line":53,"column":38},"end":{"line":55,"column":62}}},"16":{"name":"(anonymous_16)","decl":{"start":{"line":53,"column":38},"end":{"line":53,"column":39}},"loc":{"start":{"line":54,"column":2},"end":{"line":55,"column":62}}},"17":{"name":"(anonymous_17)","decl":{"start":{"line":55,"column":10},"end":{"line":55,"column":11}},"loc":{"start":{"line":55,"column":19},"end":{"line":55,"column":61}}}},"branchMap":{},"s":{"0":2,"1":0,"2":0,"3":0,"4":2,"5":0,"6":0,"7":0,"8":0,"9":2,"10":0,"11":0,"12":0,"13":2,"14":0,"15":0,"16":0,"17":2,"18":2,"19":2,"20":2,"21":1,"22":1,"23":1,"24":2,"25":2,"26":2,"27":2,"28":1,"29":1,"30":1},"f":{"0":0,"1":0,"2":0,"3":0,"4":0,"5":0,"6":0,"7":0,"8":0,"9":0,"10":2,"11":1,"12":1,"13":1,"14":2,"15":1,"16":1,"17":1},"b":{},"_coverageSchema":"332fd63041d2c1bcb487cc26dd0d5f7d97098a6c","hash":"1a924865bd71e862212c314fe3adaab65b9fd540"}
,"/home/marcos/codeminer/zombie-react/src/components/properties.js": {"path":"/home/marcos/codeminer/zombie-react/src/components/properties.js","statementMap":{"0":{"start":{"line":3,"column":17},"end":{"line":7,"column":8}},"1":{"start":{"line":4,"column":2},"end":{"line":7,"column":8}},"2":{"start":{"line":10,"column":2},"end":{"line":17,"column":8}},"3":{"start":{"line":14,"column":10},"end":{"line":14,"column":82}}},"fnMap":{"0":{"name":"(anonymous_0)","decl":{"start":{"line":3,"column":17},"end":{"line":3,"column":18}},"loc":{"start":{"line":4,"column":2},"end":{"line":7,"column":8}}},"1":{"name":"(anonymous_1)","decl":{"start":{"line":9,"column":15},"end":{"line":9,"column":16}},"loc":{"start":{"line":10,"column":2},"end":{"line":17,"column":8}}},"2":{"name":"(anonymous_2)","decl":{"start":{"line":13,"column":34},"end":{"line":13,"column":35}},"loc":{"start":{"line":14,"column":10},"end":{"line":14,"column":82}}}},"branchMap":{"0":{"loc":{"start":{"line":3,"column":32},"end":{"line":3,"column":45}},"type":"default-arg","locations":[{"start":{"line":3,"column":42},"end":{"line":3,"column":45}}]},"1":{"loc":{"start":{"line":12,"column":6},"end":{"line":15,"column":12}},"type":"cond-expr","locations":[{"start":{"line":13,"column":10},"end":{"line":14,"column":84}},{"start":{"line":15,"column":10},"end":{"line":15,"column":12}}]}},"s":{"0":2,"1":0,"2":2,"3":4},"f":{"0":0,"1":2,"2":4},"b":{"0":[0],"1":[1,1]},"_coverageSchema":"332fd63041d2c1bcb487cc26dd0d5f7d97098a6c","hash":"a5acc4c179b1032764fe92dc475f86a52be9ba14"}
,"/home/marcos/codeminer/zombie-react/src/components/report.js": {"path":"/home/marcos/codeminer/zombie-react/src/components/report.js","statementMap":{"0":{"start":{"line":4,"column":2},"end":{"line":8,"column":8}},"1":{"start":{"line":10,"column":21},"end":{"line":13,"column":4}},"2":{"start":{"line":11,"column":2},"end":{"line":13,"column":4}},"3":{"start":{"line":12,"column":4},"end":{"line":12,"column":69}},"4":{"start":{"line":15,"column":19},"end":{"line":20,"column":12}},"5":{"start":{"line":16,"column":2},"end":{"line":20,"column":12}},"6":{"start":{"line":22,"column":22},"end":{"line":23,"column":23}},"7":{"start":{"line":23,"column":2},"end":{"line":23,"column":23}}},"fnMap":{"0":{"name":"(anonymous_0)","decl":{"start":{"line":3,"column":15},"end":{"line":3,"column":16}},"loc":{"start":{"line":4,"column":2},"end":{"line":8,"column":8}}},"1":{"name":"(anonymous_1)","decl":{"start":{"line":10,"column":21},"end":{"line":10,"column":22}},"loc":{"start":{"line":11,"column":2},"end":{"line":13,"column":4}}},"2":{"name":"(anonymous_2)","decl":{"start":{"line":11,"column":26},"end":{"line":11,"column":27}},"loc":{"start":{"line":11,"column":34},"end":{"line":13,"column":3}}},"3":{"name":"(anonymous_3)","decl":{"start":{"line":15,"column":19},"end":{"line":15,"column":20}},"loc":{"start":{"line":16,"column":2},"end":{"line":20,"column":12}}},"4":{"name":"(anonymous_4)","decl":{"start":{"line":22,"column":22},"end":{"line":22,"column":23}},"loc":{"start":{"line":23,"column":2},"end":{"line":23,"column":23}}}},"branchMap":{"0":{"loc":{"start":{"line":16,"column":2},"end":{"line":20,"column":12}},"type":"cond-expr","locations":[{"start":{"line":17,"column":6},"end":{"line":17,"column":22}},{"start":{"line":18,"column":6},"end":{"line":20,"column":12}}]}},"s":{"0":1,"1":1,"2":1,"3":2,"4":1,"5":0,"6":1,"7":0},"f":{"0":1,"1":1,"2":2,"3":0,"4":0},"b":{"0":[0,0]},"_coverageSchema":"332fd63041d2c1bcb487cc26dd0d5f7d97098a6c","hash":"04d8d70e579370378f6030045dac443228c41d83"}
,"/home/marcos/codeminer/zombie-react/src/components/survivor.js": {"path":"/home/marcos/codeminer/zombie-react/src/components/survivor.js","statementMap":{"0":{"start":{"line":4,"column":19},"end":{"line":4,"column":62}},"1":{"start":{"line":4,"column":29},"end":{"line":4,"column":62}},"2":{"start":{"line":5,"column":17},"end":{"line":8,"column":10}},"3":{"start":{"line":6,"column":2},"end":{"line":8,"column":10}},"4":{"start":{"line":11,"column":2},"end":{"line":22,"column":8}}},"fnMap":{"0":{"name":"(anonymous_0)","decl":{"start":{"line":4,"column":19},"end":{"line":4,"column":20}},"loc":{"start":{"line":4,"column":29},"end":{"line":4,"column":62}}},"1":{"name":"(anonymous_1)","decl":{"start":{"line":5,"column":17},"end":{"line":5,"column":18}},"loc":{"start":{"line":6,"column":2},"end":{"line":8,"column":10}}},"2":{"name":"(anonymous_2)","decl":{"start":{"line":10,"column":15},"end":{"line":10,"column":16}},"loc":{"start":{"line":11,"column":2},"end":{"line":22,"column":8}}}},"branchMap":{"0":{"loc":{"start":{"line":4,"column":29},"end":{"line":4,"column":62}},"type":"cond-expr","locations":[{"start":{"line":4,"column":45},"end":{"line":4,"column":51}},{"start":{"line":4,"column":54},"end":{"line":4,"column":62}}]},"1":{"loc":{"start":{"line":6,"column":2},"end":{"line":8,"column":10}},"type":"cond-expr","locations":[{"start":{"line":7,"column":6},"end":{"line":7,"column":62}},{"start":{"line":8,"column":6},"end":{"line":8,"column":10}}]},"2":{"loc":{"start":{"line":10,"column":54},"end":{"line":10,"column":66}},"type":"default-arg","locations":[{"start":{"line":10,"column":64},"end":{"line":10,"column":66}}]},"3":{"loc":{"start":{"line":10,"column":68},"end":{"line":10,"column":83}},"type":"default-arg","locations":[{"start":{"line":10,"column":80},"end":{"line":10,"column":83}}]}},"s":{"0":1,"1":1,"2":1,"3":0,"4":1},"f":{"0":1,"1":0,"2":1},"b":{"0":[1,0],"1":[0,0],"2":[1],"3":[1]},"_coverageSchema":"332fd63041d2c1bcb487cc26dd0d5f7d97098a6c","hash":"4c0f7e19e1b976a8f677787ae9c8f0ae201a1a8f"}
,"/home/marcos/codeminer/zombie-react/src/ducks/is-signed.js": {"path":"/home/marcos/codeminer/zombie-react/src/ducks/is-signed.js","statementMap":{"0":{"start":{"line":4,"column":23},"end":{"line":4,"column":58}},"1":{"start":{"line":7,"column":2},"end":{"line":14,"column":3}},"2":{"start":{"line":9,"column":6},"end":{"line":9,"column":17}},"3":{"start":{"line":11,"column":6},"end":{"line":11,"column":18}},"4":{"start":{"line":13,"column":6},"end":{"line":13,"column":19}}},"fnMap":{"0":{"name":"(anonymous_0)","decl":{"start":{"line":6,"column":15},"end":{"line":6,"column":16}},"loc":{"start":{"line":6,"column":51},"end":{"line":15,"column":1}}}},"branchMap":{"0":{"loc":{"start":{"line":4,"column":23},"end":{"line":4,"column":58}},"type":"cond-expr","locations":[{"start":{"line":4,"column":46},"end":{"line":4,"column":51}},{"start":{"line":4,"column":54},"end":{"line":4,"column":58}}]},"1":{"loc":{"start":{"line":6,"column":16},"end":{"line":6,"column":38}},"type":"default-arg","locations":[{"start":{"line":6,"column":24},"end":{"line":6,"column":38}}]},"2":{"loc":{"start":{"line":7,"column":2},"end":{"line":14,"column":3}},"type":"switch","locations":[{"start":{"line":8,"column":4},"end":{"line":9,"column":17}},{"start":{"line":10,"column":4},"end":{"line":11,"column":18}},{"start":{"line":12,"column":4},"end":{"line":13,"column":19}}]}},"s":{"0":1,"1":2,"2":1,"3":1,"4":0},"f":{"0":2},"b":{"0":[1,0],"1":[0],"2":[1,1,0]},"_coverageSchema":"332fd63041d2c1bcb487cc26dd0d5f7d97098a6c","hash":"ef6741227e65062d96c74589e062a0bdbe6144ac"}
,"/home/marcos/codeminer/zombie-react/src/ducks/items.js": {"path":"/home/marcos/codeminer/zombie-react/src/ducks/items.js","statementMap":{"0":{"start":{"line":3,"column":20},"end":{"line":3,"column":33}},"1":{"start":{"line":4,"column":20},"end":{"line":4,"column":33}},"2":{"start":{"line":7,"column":2},"end":{"line":17,"column":3}},"3":{"start":{"line":9,"column":6},"end":{"line":12,"column":7}},"4":{"start":{"line":14,"column":6},"end":{"line":14,"column":28}},"5":{"start":{"line":16,"column":6},"end":{"line":16,"column":19}},"6":{"start":{"line":20,"column":32},"end":{"line":23,"column":2}},"7":{"start":{"line":20,"column":56},"end":{"line":23,"column":1}},"8":{"start":{"line":24,"column":32},"end":{"line":27,"column":2}},"9":{"start":{"line":24,"column":39},"end":{"line":27,"column":1}},"10":{"start":{"line":29,"column":26},"end":{"line":29,"column":42}},"11":{"start":{"line":30,"column":26},"end":{"line":34,"column":5}},"12":{"start":{"line":30,"column":42},"end":{"line":34,"column":5}},"13":{"start":{"line":31,"column":2},"end":{"line":34,"column":5}},"14":{"start":{"line":33,"column":6},"end":{"line":33,"column":54}}},"fnMap":{"0":{"name":"(anonymous_0)","decl":{"start":{"line":6,"column":15},"end":{"line":6,"column":16}},"loc":{"start":{"line":6,"column":39},"end":{"line":18,"column":1}}},"1":{"name":"(anonymous_1)","decl":{"start":{"line":20,"column":32},"end":{"line":20,"column":33}},"loc":{"start":{"line":20,"column":56},"end":{"line":23,"column":1}}},"2":{"name":"(anonymous_2)","decl":{"start":{"line":24,"column":32},"end":{"line":24,"column":33}},"loc":{"start":{"line":24,"column":39},"end":{"line":27,"column":1}}},"3":{"name":"(anonymous_3)","decl":{"start":{"line":30,"column":26},"end":{"line":30,"column":27}},"loc":{"start":{"line":30,"column":42},"end":{"line":34,"column":5}}},"4":{"name":"(anonymous_4)","decl":{"start":{"line":30,"column":42},"end":{"line":30,"column":43}},"loc":{"start":{"line":31,"column":2},"end":{"line":34,"column":5}}},"5":{"name":"(anonymous_5)","decl":{"start":{"line":32,"column":10},"end":{"line":32,"column":11}},"loc":{"start":{"line":33,"column":6},"end":{"line":33,"column":54}}}},"branchMap":{"0":{"loc":{"start":{"line":6,"column":16},"end":{"line":6,"column":26}},"type":"default-arg","locations":[{"start":{"line":6,"column":24},"end":{"line":6,"column":26}}]},"1":{"loc":{"start":{"line":7,"column":2},"end":{"line":17,"column":3}},"type":"switch","locations":[{"start":{"line":8,"column":4},"end":{"line":12,"column":7}},{"start":{"line":13,"column":4},"end":{"line":14,"column":28}},{"start":{"line":15,"column":4},"end":{"line":16,"column":19}}]}},"s":{"0":3,"1":3,"2":2,"3":1,"4":1,"5":0,"6":3,"7":3,"8":3,"9":3,"10":3,"11":3,"12":1,"13":1,"14":1},"f":{"0":2,"1":3,"2":3,"3":1,"4":1,"5":1},"b":{"0":[0],"1":[1,1,0]},"_coverageSchema":"332fd63041d2c1bcb487cc26dd0d5f7d97098a6c","hash":"b2dbbac3220b19ab4b2147e8281bf0dd13a8f6b3"}
,"/home/marcos/codeminer/zombie-react/src/ducks/my-survivor.js": {"path":"/home/marcos/codeminer/zombie-react/src/ducks/my-survivor.js","statementMap":{"0":{"start":{"line":6,"column":24},"end":{"line":6,"column":34}},"1":{"start":{"line":7,"column":23},"end":{"line":7,"column":32}},"2":{"start":{"line":9,"column":20},"end":{"line":9,"column":33}},"3":{"start":{"line":10,"column":21},"end":{"line":10,"column":35}},"4":{"start":{"line":11,"column":23},"end":{"line":11,"column":39}},"5":{"start":{"line":13,"column":30},"end":{"line":13,"column":70}},"6":{"start":{"line":16,"column":2},"end":{"line":26,"column":3}},"7":{"start":{"line":21,"column":6},"end":{"line":21,"column":27}},"8":{"start":{"line":23,"column":6},"end":{"line":23,"column":38}},"9":{"start":{"line":25,"column":6},"end":{"line":25,"column":18}},"10":{"start":{"line":29,"column":32},"end":{"line":32,"column":2}},"11":{"start":{"line":29,"column":41},"end":{"line":32,"column":1}},"12":{"start":{"line":33,"column":34},"end":{"line":36,"column":2}},"13":{"start":{"line":33,"column":42},"end":{"line":36,"column":1}},"14":{"start":{"line":37,"column":28},"end":{"line":40,"column":2}},"15":{"start":{"line":37,"column":37},"end":{"line":40,"column":1}},"16":{"start":{"line":41,"column":33},"end":{"line":44,"column":2}},"17":{"start":{"line":41,"column":42},"end":{"line":44,"column":1}},"18":{"start":{"line":45,"column":29},"end":{"line":48,"column":2}},"19":{"start":{"line":45,"column":36},"end":{"line":48,"column":1}},"20":{"start":{"line":50,"column":23},"end":{"line":50,"column":36}},"21":{"start":{"line":52,"column":26},"end":{"line":54,"column":56}},"22":{"start":{"line":52,"column":40},"end":{"line":54,"column":56}},"23":{"start":{"line":53,"column":2},"end":{"line":54,"column":56}},"24":{"start":{"line":54,"column":19},"end":{"line":54,"column":55}},"25":{"start":{"line":56,"column":27},"end":{"line":58,"column":46}},"26":{"start":{"line":56,"column":41},"end":{"line":58,"column":46}},"27":{"start":{"line":57,"column":2},"end":{"line":58,"column":46}},"28":{"start":{"line":58,"column":16},"end":{"line":58,"column":45}},"29":{"start":{"line":60,"column":22},"end":{"line":65,"column":5}},"30":{"start":{"line":60,"column":30},"end":{"line":65,"column":5}},"31":{"start":{"line":61,"column":2},"end":{"line":65,"column":5}},"32":{"start":{"line":63,"column":15},"end":{"line":63,"column":47}},"33":{"start":{"line":64,"column":15},"end":{"line":64,"column":48}}},"fnMap":{"0":{"name":"(anonymous_0)","decl":{"start":{"line":15,"column":15},"end":{"line":15,"column":16}},"loc":{"start":{"line":15,"column":57},"end":{"line":27,"column":1}}},"1":{"name":"(anonymous_1)","decl":{"start":{"line":29,"column":32},"end":{"line":29,"column":33}},"loc":{"start":{"line":29,"column":41},"end":{"line":32,"column":1}}},"2":{"name":"(anonymous_2)","decl":{"start":{"line":33,"column":34},"end":{"line":33,"column":35}},"loc":{"start":{"line":33,"column":42},"end":{"line":36,"column":1}}},"3":{"name":"(anonymous_3)","decl":{"start":{"line":37,"column":28},"end":{"line":37,"column":29}},"loc":{"start":{"line":37,"column":37},"end":{"line":40,"column":1}}},"4":{"name":"(anonymous_4)","decl":{"start":{"line":41,"column":33},"end":{"line":41,"column":34}},"loc":{"start":{"line":41,"column":42},"end":{"line":44,"column":1}}},"5":{"name":"(anonymous_5)","decl":{"start":{"line":45,"column":29},"end":{"line":45,"column":30}},"loc":{"start":{"line":45,"column":36},"end":{"line":48,"column":1}}},"6":{"name":"(anonymous_6)","decl":{"start":{"line":52,"column":26},"end":{"line":52,"column":27}},"loc":{"start":{"line":52,"column":40},"end":{"line":54,"column":56}}},"7":{"name":"(anonymous_7)","decl":{"start":{"line":52,"column":40},"end":{"line":52,"column":41}},"loc":{"start":{"line":53,"column":2},"end":{"line":54,"column":56}}},"8":{"name":"(anonymous_8)","decl":{"start":{"line":54,"column":10},"end":{"line":54,"column":11}},"loc":{"start":{"line":54,"column":19},"end":{"line":54,"column":55}}},"9":{"name":"(anonymous_9)","decl":{"start":{"line":56,"column":27},"end":{"line":56,"column":28}},"loc":{"start":{"line":56,"column":41},"end":{"line":58,"column":46}}},"10":{"name":"(anonymous_10)","decl":{"start":{"line":56,"column":41},"end":{"line":56,"column":42}},"loc":{"start":{"line":57,"column":2},"end":{"line":58,"column":46}}},"11":{"name":"(anonymous_11)","decl":{"start":{"line":58,"column":10},"end":{"line":58,"column":11}},"loc":{"start":{"line":58,"column":16},"end":{"line":58,"column":45}}},"12":{"name":"(anonymous_12)","decl":{"start":{"line":60,"column":22},"end":{"line":60,"column":23}},"loc":{"start":{"line":60,"column":30},"end":{"line":65,"column":5}}},"13":{"name":"(anonymous_13)","decl":{"start":{"line":60,"column":30},"end":{"line":60,"column":31}},"loc":{"start":{"line":61,"column":2},"end":{"line":65,"column":5}}},"14":{"name":"(anonymous_14)","decl":{"start":{"line":63,"column":6},"end":{"line":63,"column":7}},"loc":{"start":{"line":63,"column":15},"end":{"line":63,"column":47}}},"15":{"name":"(anonymous_15)","decl":{"start":{"line":64,"column":6},"end":{"line":64,"column":7}},"loc":{"start":{"line":64,"column":15},"end":{"line":64,"column":48}}}},"branchMap":{"0":{"loc":{"start":{"line":15,"column":16},"end":{"line":15,"column":44}},"type":"default-arg","locations":[{"start":{"line":15,"column":24},"end":{"line":15,"column":44}}]},"1":{"loc":{"start":{"line":15,"column":24},"end":{"line":15,"column":44}},"type":"binary-expr","locations":[{"start":{"line":15,"column":24},"end":{"line":15,"column":38}},{"start":{"line":15,"column":42},"end":{"line":15,"column":44}}]},"2":{"loc":{"start":{"line":16,"column":2},"end":{"line":26,"column":3}},"type":"switch","locations":[{"start":{"line":17,"column":4},"end":{"line":17,"column":22}},{"start":{"line":18,"column":4},"end":{"line":18,"column":21}},{"start":{"line":19,"column":4},"end":{"line":19,"column":17}},{"start":{"line":20,"column":4},"end":{"line":21,"column":27}},{"start":{"line":22,"column":4},"end":{"line":23,"column":38}},{"start":{"line":24,"column":4},"end":{"line":25,"column":18}}]}},"s":{"0":4,"1":4,"2":4,"3":4,"4":4,"5":4,"6":5,"7":4,"8":1,"9":0,"10":4,"11":3,"12":4,"13":2,"14":4,"15":4,"16":4,"17":1,"18":4,"19":4,"20":4,"21":4,"22":1,"23":1,"24":1,"25":4,"26":0,"27":0,"28":0,"29":4,"30":2,"31":2,"32":1,"33":1},"f":{"0":5,"1":3,"2":2,"3":4,"4":1,"5":4,"6":1,"7":1,"8":1,"9":0,"10":0,"11":0,"12":2,"13":2,"14":1,"15":1},"b":{"0":[0],"1":[0,0],"2":[1,2,3,4,1,0]},"_coverageSchema":"332fd63041d2c1bcb487cc26dd0d5f7d97098a6c","hash":"64c22a19f5ba271c92065f2164338297ea388f46"}
,"/home/marcos/codeminer/zombie-react/src/ducks/pagination.js": {"path":"/home/marcos/codeminer/zombie-react/src/ducks/pagination.js","statementMap":{"0":{"start":{"line":4,"column":20},"end":{"line":4,"column":33}},"1":{"start":{"line":5,"column":18},"end":{"line":5,"column":29}},"2":{"start":{"line":12,"column":30},"end":{"line":15,"column":2}},"3":{"start":{"line":12,"column":39},"end":{"line":15,"column":1}},"4":{"start":{"line":16,"column":32},"end":{"line":19,"column":2}},"5":{"start":{"line":16,"column":41},"end":{"line":19,"column":1}},"6":{"start":{"line":21,"column":26},"end":{"line":21,"column":42}},"7":{"start":{"line":22,"column":24},"end":{"line":22,"column":38}}},"fnMap":{"0":{"name":"(anonymous_0)","decl":{"start":{"line":12,"column":30},"end":{"line":12,"column":31}},"loc":{"start":{"line":12,"column":39},"end":{"line":15,"column":1}}},"1":{"name":"(anonymous_1)","decl":{"start":{"line":16,"column":32},"end":{"line":16,"column":33}},"loc":{"start":{"line":16,"column":41},"end":{"line":19,"column":1}}}},"branchMap":{},"s":{"0":3,"1":3,"2":3,"3":3,"4":3,"5":3,"6":3,"7":3},"f":{"0":3,"1":3},"b":{},"_coverageSchema":"332fd63041d2c1bcb487cc26dd0d5f7d97098a6c","hash":"8c7372d3194503b572e5832a293fc2f872171181"}
,"/home/marcos/codeminer/zombie-react/src/ducks/raw.js": {"path":"/home/marcos/codeminer/zombie-react/src/ducks/raw.js","statementMap":{"0":{"start":{"line":4,"column":24},"end":{"line":4,"column":41}},"1":{"start":{"line":8,"column":36},"end":{"line":11,"column":2}},"2":{"start":{"line":8,"column":45},"end":{"line":11,"column":1}},"3":{"start":{"line":13,"column":30},"end":{"line":15,"column":60}},"4":{"start":{"line":13,"column":36},"end":{"line":15,"column":60}},"5":{"start":{"line":14,"column":2},"end":{"line":15,"column":60}},"6":{"start":{"line":15,"column":19},"end":{"line":15,"column":59}}},"fnMap":{"0":{"name":"(anonymous_0)","decl":{"start":{"line":8,"column":36},"end":{"line":8,"column":37}},"loc":{"start":{"line":8,"column":45},"end":{"line":11,"column":1}}},"1":{"name":"(anonymous_1)","decl":{"start":{"line":13,"column":30},"end":{"line":13,"column":31}},"loc":{"start":{"line":13,"column":36},"end":{"line":15,"column":60}}},"2":{"name":"(anonymous_2)","decl":{"start":{"line":13,"column":36},"end":{"line":13,"column":37}},"loc":{"start":{"line":14,"column":2},"end":{"line":15,"column":60}}},"3":{"name":"(anonymous_3)","decl":{"start":{"line":15,"column":10},"end":{"line":15,"column":11}},"loc":{"start":{"line":15,"column":19},"end":{"line":15,"column":59}}}},"branchMap":{},"s":{"0":3,"1":3,"2":3,"3":3,"4":1,"5":1,"6":1},"f":{"0":3,"1":1,"2":1,"3":1},"b":{},"_coverageSchema":"332fd63041d2c1bcb487cc26dd0d5f7d97098a6c","hash":"43857b170a1926cd3f94b310b3d2508668bfad5d"}
,"/home/marcos/codeminer/zombie-react/src/ducks/report-list.js": {"path":"/home/marcos/codeminer/zombie-react/src/ducks/report-list.js","statementMap":{"0":{"start":{"line":5,"column":26},"end":{"line":5,"column":45}},"1":{"start":{"line":9,"column":37},"end":{"line":12,"column":2}},"2":{"start":{"line":9,"column":48},"end":{"line":12,"column":1}},"3":{"start":{"line":14,"column":31},"end":{"line":16,"column":61}},"4":{"start":{"line":14,"column":37},"end":{"line":16,"column":61}},"5":{"start":{"line":15,"column":2},"end":{"line":16,"column":61}},"6":{"start":{"line":16,"column":19},"end":{"line":16,"column":60}}},"fnMap":{"0":{"name":"(anonymous_0)","decl":{"start":{"line":9,"column":37},"end":{"line":9,"column":38}},"loc":{"start":{"line":9,"column":48},"end":{"line":12,"column":1}}},"1":{"name":"(anonymous_1)","decl":{"start":{"line":14,"column":31},"end":{"line":14,"column":32}},"loc":{"start":{"line":14,"column":37},"end":{"line":16,"column":61}}},"2":{"name":"(anonymous_2)","decl":{"start":{"line":14,"column":37},"end":{"line":14,"column":38}},"loc":{"start":{"line":15,"column":2},"end":{"line":16,"column":61}}},"3":{"name":"(anonymous_3)","decl":{"start":{"line":16,"column":10},"end":{"line":16,"column":11}},"loc":{"start":{"line":16,"column":19},"end":{"line":16,"column":60}}}},"branchMap":{},"s":{"0":1,"1":1,"2":3,"3":1,"4":1,"5":1,"6":1},"f":{"0":3,"1":1,"2":1,"3":1},"b":{},"_coverageSchema":"332fd63041d2c1bcb487cc26dd0d5f7d97098a6c","hash":"e23b2557312281ddd9abd94a6971d2213f3e1f54"}
,"/home/marcos/codeminer/zombie-react/src/ducks/report.js": {"path":"/home/marcos/codeminer/zombie-react/src/ducks/report.js","statementMap":{"0":{"start":{"line":3,"column":21},"end":{"line":3,"column":35}},"1":{"start":{"line":6,"column":2},"end":{"line":8,"column":11}},"2":{"start":{"line":10,"column":33},"end":{"line":13,"column":2}},"3":{"start":{"line":10,"column":44},"end":{"line":13,"column":1}},"4":{"start":{"line":15,"column":27},"end":{"line":17,"column":64}},"5":{"start":{"line":15,"column":41},"end":{"line":17,"column":64}},"6":{"start":{"line":16,"column":2},"end":{"line":17,"column":64}},"7":{"start":{"line":17,"column":19},"end":{"line":17,"column":63}}},"fnMap":{"0":{"name":"(anonymous_0)","decl":{"start":{"line":5,"column":15},"end":{"line":5,"column":16}},"loc":{"start":{"line":6,"column":2},"end":{"line":8,"column":11}}},"1":{"name":"(anonymous_1)","decl":{"start":{"line":10,"column":33},"end":{"line":10,"column":34}},"loc":{"start":{"line":10,"column":44},"end":{"line":13,"column":1}}},"2":{"name":"(anonymous_2)","decl":{"start":{"line":15,"column":27},"end":{"line":15,"column":28}},"loc":{"start":{"line":15,"column":41},"end":{"line":17,"column":64}}},"3":{"name":"(anonymous_3)","decl":{"start":{"line":15,"column":41},"end":{"line":15,"column":42}},"loc":{"start":{"line":16,"column":2},"end":{"line":17,"column":64}}},"4":{"name":"(anonymous_4)","decl":{"start":{"line":17,"column":10},"end":{"line":17,"column":11}},"loc":{"start":{"line":17,"column":19},"end":{"line":17,"column":63}}}},"branchMap":{"0":{"loc":{"start":{"line":5,"column":16},"end":{"line":5,"column":24}},"type":"default-arg","locations":[{"start":{"line":5,"column":22},"end":{"line":5,"column":24}}]},"1":{"loc":{"start":{"line":6,"column":2},"end":{"line":8,"column":11}},"type":"cond-expr","locations":[{"start":{"line":7,"column":6},"end":{"line":7,"column":32}},{"start":{"line":8,"column":6},"end":{"line":8,"column":11}}]}},"s":{"0":1,"1":1,"2":1,"3":3,"4":1,"5":1,"6":1,"7":1},"f":{"0":1,"1":3,"2":1,"3":1,"4":1},"b":{"0":[0],"1":[1,0]},"_coverageSchema":"332fd63041d2c1bcb487cc26dd0d5f7d97098a6c","hash":"7aa499ab2320a6c440f424afca3d2bc4d00336d4"}
,"/home/marcos/codeminer/zombie-react/src/ducks/survivor.js": {"path":"/home/marcos/codeminer/zombie-react/src/ducks/survivor.js","statementMap":{"0":{"start":{"line":3,"column":27},"end":{"line":3,"column":40}},"1":{"start":{"line":4,"column":23},"end":{"line":4,"column":39}},"2":{"start":{"line":7,"column":2},"end":{"line":14,"column":3}},"3":{"start":{"line":9,"column":6},"end":{"line":9,"column":27}},"4":{"start":{"line":11,"column":6},"end":{"line":11,"column":36}},"5":{"start":{"line":13,"column":6},"end":{"line":13,"column":18}},"6":{"start":{"line":17,"column":32},"end":{"line":20,"column":2}},"7":{"start":{"line":17,"column":41},"end":{"line":20,"column":1}},"8":{"start":{"line":21,"column":35},"end":{"line":24,"column":2}},"9":{"start":{"line":21,"column":44},"end":{"line":24,"column":1}},"10":{"start":{"line":26,"column":29},"end":{"line":28,"column":59}},"11":{"start":{"line":26,"column":37},"end":{"line":28,"column":59}},"12":{"start":{"line":27,"column":2},"end":{"line":28,"column":59}},"13":{"start":{"line":28,"column":19},"end":{"line":28,"column":58}},"14":{"start":{"line":31,"column":26},"end":{"line":33,"column":56}},"15":{"start":{"line":31,"column":40},"end":{"line":33,"column":56}},"16":{"start":{"line":32,"column":2},"end":{"line":33,"column":56}},"17":{"start":{"line":33,"column":19},"end":{"line":33,"column":55}}},"fnMap":{"0":{"name":"(anonymous_0)","decl":{"start":{"line":6,"column":15},"end":{"line":6,"column":16}},"loc":{"start":{"line":6,"column":39},"end":{"line":15,"column":1}}},"1":{"name":"(anonymous_1)","decl":{"start":{"line":17,"column":32},"end":{"line":17,"column":33}},"loc":{"start":{"line":17,"column":41},"end":{"line":20,"column":1}}},"2":{"name":"(anonymous_2)","decl":{"start":{"line":21,"column":35},"end":{"line":21,"column":36}},"loc":{"start":{"line":21,"column":44},"end":{"line":24,"column":1}}},"3":{"name":"(anonymous_3)","decl":{"start":{"line":26,"column":29},"end":{"line":26,"column":30}},"loc":{"start":{"line":26,"column":37},"end":{"line":28,"column":59}}},"4":{"name":"(anonymous_4)","decl":{"start":{"line":26,"column":37},"end":{"line":26,"column":38}},"loc":{"start":{"line":27,"column":2},"end":{"line":28,"column":59}}},"5":{"name":"(anonymous_5)","decl":{"start":{"line":28,"column":10},"end":{"line":28,"column":11}},"loc":{"start":{"line":28,"column":19},"end":{"line":28,"column":58}}},"6":{"name":"(anonymous_6)","decl":{"start":{"line":31,"column":26},"end":{"line":31,"column":27}},"loc":{"start":{"line":31,"column":40},"end":{"line":33,"column":56}}},"7":{"name":"(anonymous_7)","decl":{"start":{"line":31,"column":40},"end":{"line":31,"column":41}},"loc":{"start":{"line":32,"column":2},"end":{"line":33,"column":56}}},"8":{"name":"(anonymous_8)","decl":{"start":{"line":33,"column":10},"end":{"line":33,"column":11}},"loc":{"start":{"line":33,"column":19},"end":{"line":33,"column":55}}}},"branchMap":{"0":{"loc":{"start":{"line":6,"column":16},"end":{"line":6,"column":26}},"type":"default-arg","locations":[{"start":{"line":6,"column":24},"end":{"line":6,"column":26}}]},"1":{"loc":{"start":{"line":7,"column":2},"end":{"line":14,"column":3}},"type":"switch","locations":[{"start":{"line":8,"column":4},"end":{"line":9,"column":27}},{"start":{"line":10,"column":4},"end":{"line":11,"column":36}},{"start":{"line":12,"column":4},"end":{"line":13,"column":18}}]}},"s":{"0":5,"1":5,"2":2,"3":1,"4":1,"5":0,"6":5,"7":4,"8":5,"9":3,"10":5,"11":1,"12":1,"13":1,"14":5,"15":1,"16":1,"17":1},"f":{"0":2,"1":4,"2":3,"3":1,"4":1,"5":1,"6":1,"7":1,"8":1},"b":{"0":[0],"1":[1,1,0]},"_coverageSchema":"332fd63041d2c1bcb487cc26dd0d5f7d97098a6c","hash":"91791f80444cc15b173e97e4519b118c42e7c462"}
,"/home/marcos/codeminer/zombie-react/src/ducks/survivors.js": {"path":"/home/marcos/codeminer/zombie-react/src/ducks/survivors.js","statementMap":{"0":{"start":{"line":3,"column":33},"end":{"line":3,"column":59}},"1":{"start":{"line":7,"column":43},"end":{"line":10,"column":2}},"2":{"start":{"line":7,"column":52},"end":{"line":10,"column":1}},"3":{"start":{"line":12,"column":37},"end":{"line":12,"column":64}}},"fnMap":{"0":{"name":"(anonymous_0)","decl":{"start":{"line":7,"column":43},"end":{"line":7,"column":44}},"loc":{"start":{"line":7,"column":52},"end":{"line":10,"column":1}}}},"branchMap":{},"s":{"0":3,"1":3,"2":3,"3":3},"f":{"0":3},"b":{},"_coverageSchema":"332fd63041d2c1bcb487cc26dd0d5f7d97098a6c","hash":"c326bfc481c02ecd745ab0eda8e29c0216f3f477"}
,"/home/marcos/codeminer/zombie-react/src/fetchers/survivor-fetcher.js": {"path":"/home/marcos/codeminer/zombie-react/src/fetchers/survivor-fetcher.js","statementMap":{"0":{"start":{"line":7,"column":4},"end":{"line":7,"column":36}},"1":{"start":{"line":11,"column":4},"end":{"line":11,"column":15}},"2":{"start":{"line":15,"column":27},"end":{"line":19,"column":2}},"3":{"start":{"line":15,"column":40},"end":{"line":19,"column":1}},"4":{"start":{"line":17,"column":4},"end":{"line":17,"column":33}}},"fnMap":{"0":{"name":"(anonymous_0)","decl":{"start":{"line":6,"column":2},"end":{"line":6,"column":3}},"loc":{"start":{"line":6,"column":22},"end":{"line":8,"column":3}}},"1":{"name":"(anonymous_1)","decl":{"start":{"line":10,"column":2},"end":{"line":10,"column":3}},"loc":{"start":{"line":10,"column":11},"end":{"line":12,"column":3}}},"2":{"name":"(anonymous_2)","decl":{"start":{"line":15,"column":27},"end":{"line":15,"column":28}},"loc":{"start":{"line":15,"column":40},"end":{"line":19,"column":1}}}},"branchMap":{},"s":{"0":0,"1":0,"2":1,"3":0,"4":0},"f":{"0":0,"1":0,"2":0},"b":{},"_coverageSchema":"332fd63041d2c1bcb487cc26dd0d5f7d97098a6c","hash":"6b612d7fa110524f0632484c1f81891518e154fa"}
,"/home/marcos/codeminer/zombie-react/src/selectors/survivor-list-selector.js": {"path":"/home/marcos/codeminer/zombie-react/src/selectors/survivor-list-selector.js","statementMap":{"0":{"start":{"line":5,"column":17},"end":{"line":5,"column":19}},"1":{"start":{"line":7,"column":30},"end":{"line":8,"column":32}},"2":{"start":{"line":8,"column":2},"end":{"line":8,"column":32}},"3":{"start":{"line":10,"column":23},"end":{"line":27,"column":4}},"4":{"start":{"line":11,"column":2},"end":{"line":27,"column":4}},"5":{"start":{"line":12,"column":21},"end":{"line":13,"column":27}},"6":{"start":{"line":15,"column":21},"end":{"line":17,"column":10}},"7":{"start":{"line":19,"column":4},"end":{"line":26,"column":5}},"8":{"start":{"line":29,"column":16},"end":{"line":29,"column":48}},"9":{"start":{"line":29,"column":37},"end":{"line":29,"column":48}},"10":{"start":{"line":30,"column":21},"end":{"line":30,"column":39}},"11":{"start":{"line":30,"column":35},"end":{"line":30,"column":39}},"12":{"start":{"line":31,"column":24},"end":{"line":31,"column":58}},"13":{"start":{"line":31,"column":46},"end":{"line":31,"column":58}},"14":{"start":{"line":33,"column":34},"end":{"line":41,"column":1}},"15":{"start":{"line":36,"column":26},"end":{"line":36,"column":41}},"16":{"start":{"line":37,"column":26},"end":{"line":37,"column":82}},"17":{"start":{"line":39,"column":4},"end":{"line":39,"column":54}}},"fnMap":{"0":{"name":"(anonymous_0)","decl":{"start":{"line":7,"column":30},"end":{"line":7,"column":31}},"loc":{"start":{"line":8,"column":2},"end":{"line":8,"column":32}}},"1":{"name":"(anonymous_1)","decl":{"start":{"line":10,"column":23},"end":{"line":10,"column":24}},"loc":{"start":{"line":11,"column":2},"end":{"line":27,"column":4}}},"2":{"name":"(anonymous_2)","decl":{"start":{"line":11,"column":17},"end":{"line":11,"column":18}},"loc":{"start":{"line":11,"column":29},"end":{"line":27,"column":3}}},"3":{"name":"(anonymous_3)","decl":{"start":{"line":29,"column":16},"end":{"line":29,"column":17}},"loc":{"start":{"line":29,"column":37},"end":{"line":29,"column":48}}},"4":{"name":"(anonymous_4)","decl":{"start":{"line":30,"column":21},"end":{"line":30,"column":22}},"loc":{"start":{"line":30,"column":35},"end":{"line":30,"column":39}}},"5":{"name":"(anonymous_5)","decl":{"start":{"line":31,"column":24},"end":{"line":31,"column":25}},"loc":{"start":{"line":31,"column":46},"end":{"line":31,"column":58}}},"6":{"name":"(anonymous_6)","decl":{"start":{"line":35,"column":2},"end":{"line":35,"column":3}},"loc":{"start":{"line":35,"column":37},"end":{"line":40,"column":3}}}},"branchMap":{"0":{"loc":{"start":{"line":12,"column":21},"end":{"line":13,"column":27}},"type":"binary-expr","locations":[{"start":{"line":12,"column":21},"end":{"line":12,"column":51}},{"start":{"line":13,"column":9},"end":{"line":13,"column":27}}]},"1":{"loc":{"start":{"line":15,"column":21},"end":{"line":17,"column":10}},"type":"cond-expr","locations":[{"start":{"line":16,"column":8},"end":{"line":16,"column":49}},{"start":{"line":17,"column":8},"end":{"line":17,"column":10}}]}},"s":{"0":2,"1":2,"2":0,"3":2,"4":0,"5":0,"6":0,"7":0,"8":2,"9":0,"10":2,"11":0,"12":2,"13":0,"14":2,"15":0,"16":0,"17":0},"f":{"0":0,"1":0,"2":0,"3":0,"4":0,"5":0,"6":0},"b":{"0":[0,0],"1":[0,0]},"_coverageSchema":"332fd63041d2c1bcb487cc26dd0d5f7d97098a6c","hash":"875d94133929ee3a1e8596e2500b4158eaee717c"}
,"/home/marcos/codeminer/zombie-react/src/selectors/survivor-selector.js": {"path":"/home/marcos/codeminer/zombie-react/src/selectors/survivor-selector.js","statementMap":{"0":{"start":{"line":4,"column":18},"end":{"line":5,"column":16}},"1":{"start":{"line":4,"column":24},"end":{"line":5,"column":16}},"2":{"start":{"line":5,"column":2},"end":{"line":5,"column":16}},"3":{"start":{"line":7,"column":16},"end":{"line":8,"column":26}},"4":{"start":{"line":8,"column":2},"end":{"line":8,"column":26}},"5":{"start":{"line":10,"column":29},"end":{"line":13,"column":1}},"6":{"start":{"line":11,"column":2},"end":{"line":11,"column":52}},"7":{"start":{"line":12,"column":2},"end":{"line":12,"column":17}},"8":{"start":{"line":15,"column":14},"end":{"line":15,"column":27}},"9":{"start":{"line":15,"column":25},"end":{"line":15,"column":27}},"10":{"start":{"line":16,"column":21},"end":{"line":16,"column":47}},"11":{"start":{"line":16,"column":32},"end":{"line":16,"column":47}},"12":{"start":{"line":18,"column":31},"end":{"line":22,"column":1}},"13":{"start":{"line":21,"column":4},"end":{"line":21,"column":41}},"14":{"start":{"line":24,"column":20},"end":{"line":27,"column":8}},"15":{"start":{"line":25,"column":2},"end":{"line":27,"column":8}},"16":{"start":{"line":26,"column":4},"end":{"line":26,"column":57}},"17":{"start":{"line":29,"column":26},"end":{"line":34,"column":1}},"18":{"start":{"line":30,"column":18},"end":{"line":30,"column":65}},"19":{"start":{"line":31,"column":2},"end":{"line":33,"column":41}},"20":{"start":{"line":36,"column":33},"end":{"line":38,"column":2}},"21":{"start":{"line":36,"column":67},"end":{"line":38,"column":1}},"22":{"start":{"line":40,"column":33},"end":{"line":55,"column":1}},"23":{"start":{"line":41,"column":25},"end":{"line":41,"column":49}},"24":{"start":{"line":42,"column":30},"end":{"line":42,"column":59}},"25":{"start":{"line":43,"column":21},"end":{"line":43,"column":65}},"26":{"start":{"line":45,"column":15},"end":{"line":49,"column":33}},"27":{"start":{"line":51,"column":4},"end":{"line":51,"column":27}},"28":{"start":{"line":52,"column":4},"end":{"line":52,"column":30}},"29":{"start":{"line":53,"column":4},"end":{"line":53,"column":41}},"30":{"start":{"line":54,"column":4},"end":{"line":54,"column":27}}},"fnMap":{"0":{"name":"(anonymous_0)","decl":{"start":{"line":4,"column":18},"end":{"line":4,"column":19}},"loc":{"start":{"line":4,"column":24},"end":{"line":5,"column":16}}},"1":{"name":"(anonymous_1)","decl":{"start":{"line":4,"column":24},"end":{"line":4,"column":25}},"loc":{"start":{"line":5,"column":2},"end":{"line":5,"column":16}}},"2":{"name":"(anonymous_2)","decl":{"start":{"line":7,"column":16},"end":{"line":7,"column":17}},"loc":{"start":{"line":8,"column":2},"end":{"line":8,"column":26}}},"3":{"name":"(anonymous_3)","decl":{"start":{"line":10,"column":29},"end":{"line":10,"column":30}},"loc":{"start":{"line":10,"column":43},"end":{"line":13,"column":1}}},"4":{"name":"(anonymous_4)","decl":{"start":{"line":15,"column":14},"end":{"line":15,"column":15}},"loc":{"start":{"line":15,"column":25},"end":{"line":15,"column":27}}},"5":{"name":"(anonymous_5)","decl":{"start":{"line":16,"column":21},"end":{"line":16,"column":22}},"loc":{"start":{"line":16,"column":32},"end":{"line":16,"column":47}}},"6":{"name":"(anonymous_6)","decl":{"start":{"line":20,"column":2},"end":{"line":20,"column":3}},"loc":{"start":{"line":21,"column":4},"end":{"line":21,"column":41}}},"7":{"name":"(anonymous_7)","decl":{"start":{"line":24,"column":20},"end":{"line":24,"column":21}},"loc":{"start":{"line":25,"column":2},"end":{"line":27,"column":8}}},"8":{"name":"(anonymous_8)","decl":{"start":{"line":25,"column":13},"end":{"line":25,"column":14}},"loc":{"start":{"line":25,"column":31},"end":{"line":27,"column":3}}},"9":{"name":"(anonymous_9)","decl":{"start":{"line":29,"column":26},"end":{"line":29,"column":27}},"loc":{"start":{"line":29,"column":35},"end":{"line":34,"column":1}}},"10":{"name":"(anonymous_10)","decl":{"start":{"line":36,"column":33},"end":{"line":36,"column":34}},"loc":{"start":{"line":36,"column":67},"end":{"line":38,"column":1}}},"11":{"name":"(anonymous_11)","decl":{"start":{"line":40,"column":33},"end":{"line":40,"column":34}},"loc":{"start":{"line":40,"column":58},"end":{"line":55,"column":1}}}},"branchMap":{"0":{"loc":{"start":{"line":31,"column":9},"end":{"line":33,"column":41}},"type":"cond-expr","locations":[{"start":{"line":32,"column":6},"end":{"line":32,"column":13}},{"start":{"line":33,"column":6},"end":{"line":33,"column":41}}]}},"s":{"0":9,"1":0,"2":0,"3":9,"4":0,"5":9,"6":0,"7":0,"8":9,"9":0,"10":9,"11":0,"12":9,"13":0,"14":9,"15":1,"16":1,"17":9,"18":1,"19":1,"20":9,"21":1,"22":9,"23":0,"24":0,"25":0,"26":0,"27":0,"28":0,"29":0,"30":0},"f":{"0":0,"1":0,"2":0,"3":0,"4":0,"5":0,"6":0,"7":1,"8":1,"9":1,"10":1,"11":0},"b":{"0":[0,1]},"_coverageSchema":"332fd63041d2c1bcb487cc26dd0d5f7d97098a6c","hash":"81b123421275cb1400f1aaf3ac42bb2d837ac922"}
,"/home/marcos/codeminer/zombie-react/test/localStorageSetup.js": {"path":"/home/marcos/codeminer/zombie-react/test/localStorageSetup.js","statementMap":{"0":{"start":{"line":1,"column":25},"end":{"line":14,"column":5}},"1":{"start":{"line":2,"column":14},"end":{"line":2,"column":16}},"2":{"start":{"line":3,"column":2},"end":{"line":13,"column":4}},"3":{"start":{"line":5,"column":6},"end":{"line":5,"column":24}},"4":{"start":{"line":8,"column":6},"end":{"line":8,"column":36}},"5":{"start":{"line":11,"column":6},"end":{"line":11,"column":17}},"6":{"start":{"line":16,"column":0},"end":{"line":16,"column":75}}},"fnMap":{"0":{"name":"(anonymous_0)","decl":{"start":{"line":1,"column":27},"end":{"line":1,"column":28}},"loc":{"start":{"line":1,"column":33},"end":{"line":14,"column":1}}}},"branchMap":{},"s":{"0":15,"1":15,"2":15,"3":4,"4":0,"5":0,"6":15},"f":{"0":15},"b":{},"_coverageSchema":"332fd63041d2c1bcb487cc26dd0d5f7d97098a6c","hash":"838849c5f7f9f549bf4fe2a4b5041ce870bd6245"}
}
