{"/home/marcos/codeminer/zombie-react/src/api.js": {"path":"/home/marcos/codeminer/zombie-react/src/api.js","statementMap":{"0":{"start":{"line":5,"column":32},"end":{"line":5,"column":106}},"1":{"start":{"line":7,"column":25},"end":{"line":8,"column":42}},"2":{"start":{"line":8,"column":2},"end":{"line":8,"column":42}},"3":{"start":{"line":10,"column":25},"end":{"line":11,"column":48}},"4":{"start":{"line":11,"column":2},"end":{"line":11,"column":48}},"5":{"start":{"line":14,"column":35},"end":{"line":16,"column":27}},"6":{"start":{"line":15,"column":2},"end":{"line":16,"column":27}},"7":{"start":{"line":18,"column":26},"end":{"line":19,"column":53}},"8":{"start":{"line":19,"column":2},"end":{"line":19,"column":53}},"9":{"start":{"line":21,"column":27},"end":{"line":22,"column":88}},"10":{"start":{"line":22,"column":2},"end":{"line":22,"column":88}},"11":{"start":{"line":24,"column":27},"end":{"line":25,"column":30}},"12":{"start":{"line":25,"column":2},"end":{"line":25,"column":30}},"13":{"start":{"line":27,"column":23},"end":{"line":28,"column":49}},"14":{"start":{"line":28,"column":2},"end":{"line":28,"column":49}},"15":{"start":{"line":30,"column":24},"end":{"line":31,"column":59}},"16":{"start":{"line":31,"column":2},"end":{"line":31,"column":59}},"17":{"start":{"line":33,"column":29},"end":{"line":34,"column":42}},"18":{"start":{"line":34,"column":2},"end":{"line":34,"column":42}},"19":{"start":{"line":36,"column":25},"end":{"line":37,"column":21}},"20":{"start":{"line":37,"column":2},"end":{"line":37,"column":21}},"21":{"start":{"line":39,"column":25},"end":{"line":40,"column":78}},"22":{"start":{"line":40,"column":2},"end":{"line":40,"column":78}},"23":{"start":{"line":42,"column":30},"end":{"line":56,"column":4}},"24":{"start":{"line":43,"column":2},"end":{"line":56,"column":4}},"25":{"start":{"line":44,"column":15},"end":{"line":44,"column":49}},"26":{"start":{"line":45,"column":21},"end":{"line":45,"column":73}},"27":{"start":{"line":46,"column":21},"end":{"line":46,"column":109}},"28":{"start":{"line":48,"column":4},"end":{"line":55,"column":5}},"29":{"start":{"line":58,"column":26},"end":{"line":73,"column":1}},"30":{"start":{"line":59,"column":25},"end":{"line":59,"column":49}},"31":{"start":{"line":60,"column":30},"end":{"line":60,"column":59}},"32":{"start":{"line":61,"column":21},"end":{"line":61,"column":65}},"33":{"start":{"line":63,"column":15},"end":{"line":67,"column":33}},"34":{"start":{"line":69,"column":4},"end":{"line":69,"column":27}},"35":{"start":{"line":70,"column":4},"end":{"line":70,"column":30}},"36":{"start":{"line":71,"column":4},"end":{"line":71,"column":41}},"37":{"start":{"line":72,"column":4},"end":{"line":72,"column":27}}},"fnMap":{"0":{"name":"(anonymous_0)","decl":{"start":{"line":7,"column":25},"end":{"line":7,"column":26}},"loc":{"start":{"line":8,"column":2},"end":{"line":8,"column":42}}},"1":{"name":"(anonymous_1)","decl":{"start":{"line":10,"column":25},"end":{"line":10,"column":26}},"loc":{"start":{"line":11,"column":2},"end":{"line":11,"column":48}}},"2":{"name":"(anonymous_2)","decl":{"start":{"line":14,"column":35},"end":{"line":14,"column":36}},"loc":{"start":{"line":15,"column":2},"end":{"line":16,"column":27}}},"3":{"name":"(anonymous_3)","decl":{"start":{"line":18,"column":26},"end":{"line":18,"column":27}},"loc":{"start":{"line":19,"column":2},"end":{"line":19,"column":53}}},"4":{"name":"(anonymous_4)","decl":{"start":{"line":21,"column":27},"end":{"line":21,"column":28}},"loc":{"start":{"line":22,"column":2},"end":{"line":22,"column":88}}},"5":{"name":"(anonymous_5)","decl":{"start":{"line":24,"column":27},"end":{"line":24,"column":28}},"loc":{"start":{"line":25,"column":2},"end":{"line":25,"column":30}}},"6":{"name":"(anonymous_6)","decl":{"start":{"line":27,"column":23},"end":{"line":27,"column":24}},"loc":{"start":{"line":28,"column":2},"end":{"line":28,"column":49}}},"7":{"name":"(anonymous_7)","decl":{"start":{"line":30,"column":24},"end":{"line":30,"column":25}},"loc":{"start":{"line":31,"column":2},"end":{"line":31,"column":59}}},"8":{"name":"(anonymous_8)","decl":{"start":{"line":33,"column":29},"end":{"line":33,"column":30}},"loc":{"start":{"line":34,"column":2},"end":{"line":34,"column":42}}},"9":{"name":"(anonymous_9)","decl":{"start":{"line":36,"column":25},"end":{"line":36,"column":26}},"loc":{"start":{"line":37,"column":2},"end":{"line":37,"column":21}}},"10":{"name":"(anonymous_10)","decl":{"start":{"line":39,"column":25},"end":{"line":39,"column":26}},"loc":{"start":{"line":40,"column":2},"end":{"line":40,"column":78}}},"11":{"name":"(anonymous_11)","decl":{"start":{"line":42,"column":30},"end":{"line":42,"column":31}},"loc":{"start":{"line":43,"column":2},"end":{"line":56,"column":4}}},"12":{"name":"(anonymous_12)","decl":{"start":{"line":43,"column":17},"end":{"line":43,"column":18}},"loc":{"start":{"line":43,"column":29},"end":{"line":56,"column":3}}},"13":{"name":"(anonymous_13)","decl":{"start":{"line":58,"column":26},"end":{"line":58,"column":27}},"loc":{"start":{"line":58,"column":51},"end":{"line":73,"column":1}}}},"branchMap":{"0":{"loc":{"start":{"line":45,"column":21},"end":{"line":45,"column":73}},"type":"binary-expr","locations":[{"start":{"line":45,"column":21},"end":{"line":45,"column":51}},{"start":{"line":45,"column":55},"end":{"line":45,"column":73}}]},"1":{"loc":{"start":{"line":46,"column":21},"end":{"line":46,"column":109}},"type":"cond-expr","locations":[{"start":{"line":46,"column":57},"end":{"line":46,"column":104}},{"start":{"line":46,"column":107},"end":{"line":46,"column":109}}]},"2":{"loc":{"start":{"line":46,"column":22},"end":{"line":46,"column":53}},"type":"binary-expr","locations":[{"start":{"line":46,"column":22},"end":{"line":46,"column":31}},{"start":{"line":46,"column":35},"end":{"line":46,"column":53}}]}},"s":{"0":2,"1":2,"2":1,"3":2,"4":3,"5":2,"6":1,"7":2,"8":0,"9":2,"10":0,"11":2,"12":1,"13":2,"14":1,"15":2,"16":0,"17":2,"18":0,"19":2,"20":0,"21":2,"22":0,"23":2,"24":0,"25":0,"26":0,"27":0,"28":0,"29":2,"30":0,"31":0,"32":0,"33":0,"34":0,"35":0,"36":0,"37":0},"f":{"0":1,"1":3,"2":1,"3":0,"4":0,"5":1,"6":1,"7":0,"8":0,"9":0,"10":0,"11":0,"12":0,"13":0},"b":{"0":[0,0],"1":[0,0],"2":[0,0]},"_coverageSchema":"332fd63041d2c1bcb487cc26dd0d5f7d97098a6c","hash":"4a0568c8275e24a4f4a1665b31e7c4ead05d4428"}
,"/home/marcos/codeminer/zombie-react/src/helpers.js": {"path":"/home/marcos/codeminer/zombie-react/src/helpers.js","statementMap":{"0":{"start":{"line":1,"column":30},"end":{"line":2,"column":82}},"1":{"start":{"line":2,"column":2},"end":{"line":2,"column":82}},"2":{"start":{"line":4,"column":29},"end":{"line":10,"column":1}},"3":{"start":{"line":5,"column":2},"end":{"line":5,"column":38}},"4":{"start":{"line":5,"column":15},"end":{"line":5,"column":38}},"5":{"start":{"line":7,"column":21},"end":{"line":7,"column":68}},"6":{"start":{"line":9,"column":2},"end":{"line":9,"column":31}},"7":{"start":{"line":12,"column":33},"end":{"line":14,"column":2}},"8":{"start":{"line":12,"column":67},"end":{"line":14,"column":1}},"9":{"start":{"line":16,"column":23},"end":{"line":17,"column":43}},"10":{"start":{"line":17,"column":2},"end":{"line":17,"column":43}}},"fnMap":{"0":{"name":"(anonymous_0)","decl":{"start":{"line":1,"column":30},"end":{"line":1,"column":31}},"loc":{"start":{"line":2,"column":2},"end":{"line":2,"column":82}}},"1":{"name":"(anonymous_1)","decl":{"start":{"line":4,"column":29},"end":{"line":4,"column":30}},"loc":{"start":{"line":4,"column":39},"end":{"line":10,"column":1}}},"2":{"name":"(anonymous_2)","decl":{"start":{"line":12,"column":33},"end":{"line":12,"column":34}},"loc":{"start":{"line":12,"column":67},"end":{"line":14,"column":1}}},"3":{"name":"(anonymous_3)","decl":{"start":{"line":16,"column":23},"end":{"line":16,"column":24}},"loc":{"start":{"line":17,"column":2},"end":{"line":17,"column":43}}}},"branchMap":{"0":{"loc":{"start":{"line":5,"column":2},"end":{"line":5,"column":38}},"type":"if","locations":[{"start":{"line":5,"column":2},"end":{"line":5,"column":38}},{"start":{"line":5,"column":2},"end":{"line":5,"column":38}}]}},"s":{"0":2,"1":0,"2":2,"3":1,"4":0,"5":1,"6":1,"7":2,"8":0,"9":2,"10":0},"f":{"0":0,"1":1,"2":0,"3":0},"b":{"0":[0,1]},"_coverageSchema":"332fd63041d2c1bcb487cc26dd0d5f7d97098a6c","hash":"ee4b01dae0927f666c0919761d6920694b634281"}
,"/home/marcos/codeminer/zombie-react/src/actions/survivor-actions.js": {"path":"/home/marcos/codeminer/zombie-react/src/actions/survivor-actions.js","statementMap":{"0":{"start":{"line":7,"column":17},"end":{"line":7,"column":19}},"1":{"start":{"line":9,"column":22},"end":{"line":10,"column":61}},"2":{"start":{"line":10,"column":3},"end":{"line":10,"column":60}},"3":{"start":{"line":12,"column":30},"end":{"line":14,"column":78}},"4":{"start":{"line":12,"column":50},"end":{"line":14,"column":78}},"5":{"start":{"line":13,"column":2},"end":{"line":14,"column":78}},"6":{"start":{"line":14,"column":20},"end":{"line":14,"column":76}},"7":{"start":{"line":16,"column":31},"end":{"line":16,"column":48}},"8":{"start":{"line":18,"column":29},"end":{"line":21,"column":2}},"9":{"start":{"line":18,"column":60},"end":{"line":21,"column":1}},"10":{"start":{"line":23,"column":30},"end":{"line":31,"column":6}},"11":{"start":{"line":23,"column":36},"end":{"line":31,"column":6}},"12":{"start":{"line":24,"column":2},"end":{"line":31,"column":6}},"13":{"start":{"line":26,"column":6},"end":{"line":26,"column":22}},"14":{"start":{"line":27,"column":24},"end":{"line":27,"column":48}},"15":{"start":{"line":28,"column":28},"end":{"line":28,"column":71}},"16":{"start":{"line":30,"column":6},"end":{"line":30,"column":62}},"17":{"start":{"line":33,"column":41},"end":{"line":33,"column":68}},"18":{"start":{"line":35,"column":19},"end":{"line":38,"column":3}},"19":{"start":{"line":35,"column":29},"end":{"line":38,"column":3}},"20":{"start":{"line":36,"column":2},"end":{"line":38,"column":3}},"21":{"start":{"line":37,"column":4},"end":{"line":37,"column":72}},"22":{"start":{"line":40,"column":42},"end":{"line":40,"column":70}},"23":{"start":{"line":42,"column":38},"end":{"line":45,"column":2}},"24":{"start":{"line":42,"column":45},"end":{"line":45,"column":1}},"25":{"start":{"line":47,"column":39},"end":{"line":53,"column":1}},"26":{"start":{"line":47,"column":55},"end":{"line":53,"column":1}},"27":{"start":{"line":48,"column":24},"end":{"line":48,"column":35}},"28":{"start":{"line":49,"column":20},"end":{"line":49,"column":65}},"29":{"start":{"line":51,"column":2},"end":{"line":51,"column":43}},"30":{"start":{"line":52,"column":2},"end":{"line":52,"column":33}},"31":{"start":{"line":55,"column":30},"end":{"line":55,"column":46}},"32":{"start":{"line":56,"column":29},"end":{"line":61,"column":6}},"33":{"start":{"line":56,"column":37},"end":{"line":61,"column":6}},"34":{"start":{"line":57,"column":2},"end":{"line":61,"column":6}},"35":{"start":{"line":59,"column":23},"end":{"line":59,"column":46}},"36":{"start":{"line":60,"column":6},"end":{"line":60,"column":63}},"37":{"start":{"line":63,"column":19},"end":{"line":72,"column":6}},"38":{"start":{"line":64,"column":2},"end":{"line":72,"column":6}},"39":{"start":{"line":66,"column":6},"end":{"line":68,"column":12}},"40":{"start":{"line":67,"column":8},"end":{"line":67,"column":61}},"41":{"start":{"line":70,"column":22},"end":{"line":70,"column":69}},"42":{"start":{"line":71,"column":6},"end":{"line":71,"column":38}},"43":{"start":{"line":74,"column":33},"end":{"line":74,"column":59}},"44":{"start":{"line":75,"column":22},"end":{"line":75,"column":37}},"45":{"start":{"line":77,"column":36},"end":{"line":80,"column":2}},"46":{"start":{"line":77,"column":43},"end":{"line":80,"column":1}},"47":{"start":{"line":82,"column":42},"end":{"line":83,"column":27}},"48":{"start":{"line":83,"column":3},"end":{"line":83,"column":26}},"49":{"start":{"line":85,"column":30},"end":{"line":90,"column":5}},"50":{"start":{"line":85,"column":44},"end":{"line":90,"column":5}},"51":{"start":{"line":86,"column":2},"end":{"line":90,"column":5}},"52":{"start":{"line":88,"column":12},"end":{"line":88,"column":51}},"53":{"start":{"line":89,"column":12},"end":{"line":89,"column":57}},"54":{"start":{"line":93,"column":31},"end":{"line":93,"column":48}},"55":{"start":{"line":95,"column":30},"end":{"line":103,"column":5}},"56":{"start":{"line":95,"column":44},"end":{"line":103,"column":5}},"57":{"start":{"line":96,"column":2},"end":{"line":103,"column":5}},"58":{"start":{"line":98,"column":6},"end":{"line":102,"column":10}},"59":{"start":{"line":100,"column":27},"end":{"line":100,"column":50}},"60":{"start":{"line":101,"column":10},"end":{"line":101,"column":68}},"61":{"start":{"line":105,"column":24},"end":{"line":105,"column":41}},"62":{"start":{"line":107,"column":29},"end":{"line":107,"column":79}},"63":{"start":{"line":107,"column":38},"end":{"line":107,"column":78}},"64":{"start":{"line":109,"column":30},"end":{"line":113,"column":5}},"65":{"start":{"line":109,"column":44},"end":{"line":113,"column":5}},"66":{"start":{"line":110,"column":2},"end":{"line":113,"column":5}},"67":{"start":{"line":112,"column":13},"end":{"line":112,"column":53}},"68":{"start":{"line":115,"column":27},"end":{"line":115,"column":47}},"69":{"start":{"line":116,"column":20},"end":{"line":116,"column":33}},"70":{"start":{"line":118,"column":25},"end":{"line":118,"column":76}},"71":{"start":{"line":118,"column":33},"end":{"line":118,"column":75}},"72":{"start":{"line":119,"column":19},"end":{"line":119,"column":65}},"73":{"start":{"line":119,"column":28},"end":{"line":119,"column":64}},"74":{"start":{"line":121,"column":26},"end":{"line":126,"column":7}},"75":{"start":{"line":121,"column":40},"end":{"line":126,"column":7}},"76":{"start":{"line":122,"column":4},"end":{"line":126,"column":7}},"77":{"start":{"line":124,"column":15},"end":{"line":124,"column":45}},"78":{"start":{"line":125,"column":15},"end":{"line":125,"column":46}},"79":{"start":{"line":128,"column":28},"end":{"line":128,"column":42}},"80":{"start":{"line":130,"column":26},"end":{"line":130,"column":56}},"81":{"start":{"line":130,"column":33},"end":{"line":130,"column":55}},"82":{"start":{"line":132,"column":27},"end":{"line":137,"column":6}},"83":{"start":{"line":132,"column":41},"end":{"line":137,"column":6}},"84":{"start":{"line":133,"column":2},"end":{"line":137,"column":6}},"85":{"start":{"line":135,"column":6},"end":{"line":135,"column":35}},"86":{"start":{"line":136,"column":6},"end":{"line":136,"column":25}},"87":{"start":{"line":139,"column":23},"end":{"line":139,"column":32}},"88":{"start":{"line":140,"column":30},"end":{"line":140,"column":46}},"89":{"start":{"line":141,"column":34},"end":{"line":141,"column":66}},"90":{"start":{"line":141,"column":41},"end":{"line":141,"column":65}},"91":{"start":{"line":143,"column":22},"end":{"line":149,"column":3}},"92":{"start":{"line":143,"column":30},"end":{"line":149,"column":3}},"93":{"start":{"line":144,"column":2},"end":{"line":149,"column":3}},"94":{"start":{"line":146,"column":23},"end":{"line":146,"column":46}},"95":{"start":{"line":147,"column":6},"end":{"line":147,"column":56}},"96":{"start":{"line":148,"column":13},"end":{"line":148,"column":43}},"97":{"start":{"line":151,"column":24},"end":{"line":151,"column":32}},"98":{"start":{"line":152,"column":29},"end":{"line":152,"column":68}},"99":{"start":{"line":152,"column":36},"end":{"line":152,"column":67}},"100":{"start":{"line":153,"column":23},"end":{"line":153,"column":36}}},"fnMap":{"0":{"name":"(anonymous_0)","decl":{"start":{"line":9,"column":22},"end":{"line":9,"column":23}},"loc":{"start":{"line":10,"column":3},"end":{"line":10,"column":60}}},"1":{"name":"(anonymous_1)","decl":{"start":{"line":12,"column":30},"end":{"line":12,"column":31}},"loc":{"start":{"line":12,"column":50},"end":{"line":14,"column":78}}},"2":{"name":"(anonymous_2)","decl":{"start":{"line":12,"column":50},"end":{"line":12,"column":51}},"loc":{"start":{"line":13,"column":2},"end":{"line":14,"column":78}}},"3":{"name":"(anonymous_3)","decl":{"start":{"line":14,"column":11},"end":{"line":14,"column":12}},"loc":{"start":{"line":14,"column":20},"end":{"line":14,"column":76}}},"4":{"name":"(anonymous_4)","decl":{"start":{"line":18,"column":29},"end":{"line":18,"column":30}},"loc":{"start":{"line":18,"column":60},"end":{"line":21,"column":1}}},"5":{"name":"(anonymous_5)","decl":{"start":{"line":23,"column":30},"end":{"line":23,"column":31}},"loc":{"start":{"line":23,"column":36},"end":{"line":31,"column":6}}},"6":{"name":"(anonymous_6)","decl":{"start":{"line":23,"column":36},"end":{"line":23,"column":37}},"loc":{"start":{"line":24,"column":2},"end":{"line":31,"column":6}}},"7":{"name":"(anonymous_7)","decl":{"start":{"line":25,"column":10},"end":{"line":25,"column":11}},"loc":{"start":{"line":25,"column":19},"end":{"line":31,"column":5}}},"8":{"name":"(anonymous_8)","decl":{"start":{"line":35,"column":19},"end":{"line":35,"column":20}},"loc":{"start":{"line":35,"column":29},"end":{"line":38,"column":3}}},"9":{"name":"(anonymous_9)","decl":{"start":{"line":35,"column":29},"end":{"line":35,"column":30}},"loc":{"start":{"line":36,"column":2},"end":{"line":38,"column":3}}},"10":{"name":"(anonymous_10)","decl":{"start":{"line":36,"column":11},"end":{"line":36,"column":12}},"loc":{"start":{"line":37,"column":4},"end":{"line":37,"column":72}}},"11":{"name":"(anonymous_11)","decl":{"start":{"line":42,"column":38},"end":{"line":42,"column":39}},"loc":{"start":{"line":42,"column":45},"end":{"line":45,"column":1}}},"12":{"name":"(anonymous_12)","decl":{"start":{"line":47,"column":39},"end":{"line":47,"column":40}},"loc":{"start":{"line":47,"column":55},"end":{"line":53,"column":1}}},"13":{"name":"(anonymous_13)","decl":{"start":{"line":47,"column":55},"end":{"line":47,"column":56}},"loc":{"start":{"line":47,"column":69},"end":{"line":53,"column":1}}},"14":{"name":"(anonymous_14)","decl":{"start":{"line":56,"column":29},"end":{"line":56,"column":30}},"loc":{"start":{"line":56,"column":37},"end":{"line":61,"column":6}}},"15":{"name":"(anonymous_15)","decl":{"start":{"line":56,"column":37},"end":{"line":56,"column":38}},"loc":{"start":{"line":57,"column":2},"end":{"line":61,"column":6}}},"16":{"name":"(anonymous_16)","decl":{"start":{"line":58,"column":10},"end":{"line":58,"column":11}},"loc":{"start":{"line":58,"column":19},"end":{"line":61,"column":5}}},"17":{"name":"(anonymous_17)","decl":{"start":{"line":63,"column":19},"end":{"line":63,"column":20}},"loc":{"start":{"line":64,"column":2},"end":{"line":72,"column":6}}},"18":{"name":"(anonymous_18)","decl":{"start":{"line":65,"column":10},"end":{"line":65,"column":11}},"loc":{"start":{"line":66,"column":6},"end":{"line":68,"column":12}}},"19":{"name":"(anonymous_19)","decl":{"start":{"line":66,"column":22},"end":{"line":66,"column":23}},"loc":{"start":{"line":66,"column":40},"end":{"line":68,"column":7}}},"20":{"name":"(anonymous_20)","decl":{"start":{"line":69,"column":11},"end":{"line":69,"column":12}},"loc":{"start":{"line":69,"column":22},"end":{"line":72,"column":5}}},"21":{"name":"(anonymous_21)","decl":{"start":{"line":77,"column":36},"end":{"line":77,"column":37}},"loc":{"start":{"line":77,"column":43},"end":{"line":80,"column":1}}},"22":{"name":"(anonymous_22)","decl":{"start":{"line":82,"column":42},"end":{"line":82,"column":43}},"loc":{"start":{"line":83,"column":3},"end":{"line":83,"column":26}}},"23":{"name":"(anonymous_23)","decl":{"start":{"line":85,"column":30},"end":{"line":85,"column":31}},"loc":{"start":{"line":85,"column":44},"end":{"line":90,"column":5}}},"24":{"name":"(anonymous_24)","decl":{"start":{"line":85,"column":44},"end":{"line":85,"column":45}},"loc":{"start":{"line":86,"column":2},"end":{"line":90,"column":5}}},"25":{"name":"(anonymous_25)","decl":{"start":{"line":88,"column":6},"end":{"line":88,"column":7}},"loc":{"start":{"line":88,"column":12},"end":{"line":88,"column":51}}},"26":{"name":"(anonymous_26)","decl":{"start":{"line":89,"column":6},"end":{"line":89,"column":7}},"loc":{"start":{"line":89,"column":12},"end":{"line":89,"column":57}}},"27":{"name":"(anonymous_27)","decl":{"start":{"line":95,"column":30},"end":{"line":95,"column":31}},"loc":{"start":{"line":95,"column":44},"end":{"line":103,"column":5}}},"28":{"name":"(anonymous_28)","decl":{"start":{"line":95,"column":44},"end":{"line":95,"column":45}},"loc":{"start":{"line":96,"column":2},"end":{"line":103,"column":5}}},"29":{"name":"(anonymous_29)","decl":{"start":{"line":97,"column":10},"end":{"line":97,"column":11}},"loc":{"start":{"line":98,"column":6},"end":{"line":102,"column":10}}},"30":{"name":"(anonymous_30)","decl":{"start":{"line":99,"column":14},"end":{"line":99,"column":15}},"loc":{"start":{"line":99,"column":23},"end":{"line":102,"column":9}}},"31":{"name":"(anonymous_31)","decl":{"start":{"line":107,"column":29},"end":{"line":107,"column":30}},"loc":{"start":{"line":107,"column":38},"end":{"line":107,"column":78}}},"32":{"name":"(anonymous_32)","decl":{"start":{"line":109,"column":30},"end":{"line":109,"column":31}},"loc":{"start":{"line":109,"column":44},"end":{"line":113,"column":5}}},"33":{"name":"(anonymous_33)","decl":{"start":{"line":109,"column":44},"end":{"line":109,"column":45}},"loc":{"start":{"line":110,"column":2},"end":{"line":113,"column":5}}},"34":{"name":"(anonymous_34)","decl":{"start":{"line":112,"column":6},"end":{"line":112,"column":7}},"loc":{"start":{"line":112,"column":13},"end":{"line":112,"column":53}}},"35":{"name":"(anonymous_35)","decl":{"start":{"line":118,"column":25},"end":{"line":118,"column":26}},"loc":{"start":{"line":118,"column":33},"end":{"line":118,"column":75}}},"36":{"name":"(anonymous_36)","decl":{"start":{"line":119,"column":19},"end":{"line":119,"column":20}},"loc":{"start":{"line":119,"column":28},"end":{"line":119,"column":64}}},"37":{"name":"(anonymous_37)","decl":{"start":{"line":121,"column":26},"end":{"line":121,"column":27}},"loc":{"start":{"line":121,"column":40},"end":{"line":126,"column":7}}},"38":{"name":"(anonymous_38)","decl":{"start":{"line":121,"column":40},"end":{"line":121,"column":41}},"loc":{"start":{"line":122,"column":4},"end":{"line":126,"column":7}}},"39":{"name":"(anonymous_39)","decl":{"start":{"line":124,"column":8},"end":{"line":124,"column":9}},"loc":{"start":{"line":124,"column":15},"end":{"line":124,"column":45}}},"40":{"name":"(anonymous_40)","decl":{"start":{"line":125,"column":8},"end":{"line":125,"column":9}},"loc":{"start":{"line":125,"column":15},"end":{"line":125,"column":46}}},"41":{"name":"(anonymous_41)","decl":{"start":{"line":130,"column":26},"end":{"line":130,"column":27}},"loc":{"start":{"line":130,"column":33},"end":{"line":130,"column":55}}},"42":{"name":"(anonymous_42)","decl":{"start":{"line":132,"column":27},"end":{"line":132,"column":28}},"loc":{"start":{"line":132,"column":41},"end":{"line":137,"column":6}}},"43":{"name":"(anonymous_43)","decl":{"start":{"line":132,"column":41},"end":{"line":132,"column":42}},"loc":{"start":{"line":133,"column":2},"end":{"line":137,"column":6}}},"44":{"name":"(anonymous_44)","decl":{"start":{"line":134,"column":10},"end":{"line":134,"column":11}},"loc":{"start":{"line":134,"column":16},"end":{"line":137,"column":5}}},"45":{"name":"(anonymous_45)","decl":{"start":{"line":141,"column":34},"end":{"line":141,"column":35}},"loc":{"start":{"line":141,"column":41},"end":{"line":141,"column":65}}},"46":{"name":"(anonymous_46)","decl":{"start":{"line":143,"column":22},"end":{"line":143,"column":23}},"loc":{"start":{"line":143,"column":30},"end":{"line":149,"column":3}}},"47":{"name":"(anonymous_47)","decl":{"start":{"line":143,"column":30},"end":{"line":143,"column":31}},"loc":{"start":{"line":144,"column":2},"end":{"line":149,"column":3}}},"48":{"name":"(anonymous_48)","decl":{"start":{"line":145,"column":10},"end":{"line":145,"column":11}},"loc":{"start":{"line":145,"column":19},"end":{"line":148,"column":5}}},"49":{"name":"(anonymous_49)","decl":{"start":{"line":148,"column":7},"end":{"line":148,"column":8}},"loc":{"start":{"line":148,"column":13},"end":{"line":148,"column":43}}},"50":{"name":"(anonymous_50)","decl":{"start":{"line":152,"column":29},"end":{"line":152,"column":30}},"loc":{"start":{"line":152,"column":36},"end":{"line":152,"column":67}}}},"branchMap":{},"s":{"0":2,"1":2,"2":1,"3":2,"4":1,"5":0,"6":0,"7":2,"8":2,"9":0,"10":2,"11":1,"12":1,"13":0,"14":0,"15":0,"16":0,"17":2,"18":2,"19":1,"20":0,"21":0,"22":2,"23":2,"24":1,"25":2,"26":1,"27":1,"28":1,"29":1,"30":1,"31":2,"32":2,"33":1,"34":1,"35":0,"36":0,"37":2,"38":0,"39":0,"40":0,"41":0,"42":0,"43":2,"44":2,"45":2,"46":0,"47":2,"48":0,"49":2,"50":1,"51":1,"52":0,"53":0,"54":2,"55":2,"56":1,"57":1,"58":0,"59":0,"60":0,"61":2,"62":2,"63":0,"64":2,"65":0,"66":0,"67":0,"68":2,"69":2,"70":2,"71":0,"72":2,"73":0,"74":2,"75":0,"76":0,"77":0,"78":0,"79":2,"80":2,"81":0,"82":2,"83":0,"84":0,"85":0,"86":0,"87":2,"88":2,"89":2,"90":3,"91":2,"92":2,"93":2,"94":1,"95":1,"96":1,"97":2,"98":2,"99":1,"100":2},"f":{"0":1,"1":1,"2":0,"3":0,"4":0,"5":1,"6":1,"7":0,"8":1,"9":0,"10":0,"11":1,"12":1,"13":1,"14":1,"15":1,"16":0,"17":0,"18":0,"19":0,"20":0,"21":0,"22":0,"23":1,"24":1,"25":0,"26":0,"27":1,"28":1,"29":0,"30":0,"31":0,"32":0,"33":0,"34":0,"35":0,"36":0,"37":0,"38":0,"39":0,"40":0,"41":0,"42":0,"43":0,"44":0,"45":3,"46":2,"47":2,"48":1,"49":1,"50":1},"b":{},"_coverageSchema":"332fd63041d2c1bcb487cc26dd0d5f7d97098a6c","hash":"fb5e4d71cb7f1faf462c98306036c04d67d99dea"}
,"/home/marcos/codeminer/zombie-react/src/components/my-stats.js": {"path":"/home/marcos/codeminer/zombie-react/src/components/my-stats.js","statementMap":{"0":{"start":{"line":4,"column":14},"end":{"line":12,"column":8}},"1":{"start":{"line":5,"column":2},"end":{"line":12,"column":8}},"2":{"start":{"line":15,"column":2},"end":{"line":17,"column":8}}},"fnMap":{"0":{"name":"(anonymous_0)","decl":{"start":{"line":4,"column":14},"end":{"line":4,"column":15}},"loc":{"start":{"line":5,"column":2},"end":{"line":12,"column":8}}},"1":{"name":"(anonymous_1)","decl":{"start":{"line":14,"column":15},"end":{"line":14,"column":16}},"loc":{"start":{"line":15,"column":2},"end":{"line":17,"column":8}}}},"branchMap":{"0":{"loc":{"start":{"line":5,"column":2},"end":{"line":12,"column":8}},"type":"cond-expr","locations":[{"start":{"line":6,"column":6},"end":{"line":11,"column":12}},{"start":{"line":12,"column":6},"end":{"line":12,"column":8}}]}},"s":{"0":1,"1":0,"2":1},"f":{"0":0,"1":1},"b":{"0":[0,0]},"_coverageSchema":"332fd63041d2c1bcb487cc26dd0d5f7d97098a6c","hash":"ab062b99a05be3f3dcea2495e5635203137b3585"}
,"/home/marcos/codeminer/zombie-react/src/components/properties.js": {"path":"/home/marcos/codeminer/zombie-react/src/components/properties.js","statementMap":{"0":{"start":{"line":3,"column":17},"end":{"line":7,"column":8}},"1":{"start":{"line":4,"column":2},"end":{"line":7,"column":8}},"2":{"start":{"line":10,"column":2},"end":{"line":17,"column":8}},"3":{"start":{"line":14,"column":10},"end":{"line":14,"column":82}}},"fnMap":{"0":{"name":"(anonymous_0)","decl":{"start":{"line":3,"column":17},"end":{"line":3,"column":18}},"loc":{"start":{"line":4,"column":2},"end":{"line":7,"column":8}}},"1":{"name":"(anonymous_1)","decl":{"start":{"line":9,"column":15},"end":{"line":9,"column":16}},"loc":{"start":{"line":10,"column":2},"end":{"line":17,"column":8}}},"2":{"name":"(anonymous_2)","decl":{"start":{"line":13,"column":34},"end":{"line":13,"column":35}},"loc":{"start":{"line":14,"column":10},"end":{"line":14,"column":82}}}},"branchMap":{"0":{"loc":{"start":{"line":3,"column":32},"end":{"line":3,"column":45}},"type":"default-arg","locations":[{"start":{"line":3,"column":42},"end":{"line":3,"column":45}}]},"1":{"loc":{"start":{"line":12,"column":6},"end":{"line":15,"column":12}},"type":"cond-expr","locations":[{"start":{"line":13,"column":10},"end":{"line":14,"column":84}},{"start":{"line":15,"column":10},"end":{"line":15,"column":12}}]}},"s":{"0":3,"1":0,"2":1,"3":4},"f":{"0":0,"1":1,"2":4},"b":{"0":[0],"1":[1,0]},"_coverageSchema":"332fd63041d2c1bcb487cc26dd0d5f7d97098a6c","hash":"a5acc4c179b1032764fe92dc475f86a52be9ba14"}
,"/home/marcos/codeminer/zombie-react/src/components/report.js": {"path":"/home/marcos/codeminer/zombie-react/src/components/report.js","statementMap":{"0":{"start":{"line":4,"column":2},"end":{"line":8,"column":8}},"1":{"start":{"line":10,"column":21},"end":{"line":13,"column":4}},"2":{"start":{"line":11,"column":2},"end":{"line":13,"column":4}},"3":{"start":{"line":12,"column":4},"end":{"line":12,"column":69}},"4":{"start":{"line":15,"column":19},"end":{"line":20,"column":12}},"5":{"start":{"line":16,"column":2},"end":{"line":20,"column":12}},"6":{"start":{"line":22,"column":22},"end":{"line":23,"column":23}},"7":{"start":{"line":23,"column":2},"end":{"line":23,"column":23}}},"fnMap":{"0":{"name":"(anonymous_0)","decl":{"start":{"line":3,"column":15},"end":{"line":3,"column":16}},"loc":{"start":{"line":4,"column":2},"end":{"line":8,"column":8}}},"1":{"name":"(anonymous_1)","decl":{"start":{"line":10,"column":21},"end":{"line":10,"column":22}},"loc":{"start":{"line":11,"column":2},"end":{"line":13,"column":4}}},"2":{"name":"(anonymous_2)","decl":{"start":{"line":11,"column":26},"end":{"line":11,"column":27}},"loc":{"start":{"line":11,"column":34},"end":{"line":13,"column":3}}},"3":{"name":"(anonymous_3)","decl":{"start":{"line":15,"column":19},"end":{"line":15,"column":20}},"loc":{"start":{"line":16,"column":2},"end":{"line":20,"column":12}}},"4":{"name":"(anonymous_4)","decl":{"start":{"line":22,"column":22},"end":{"line":22,"column":23}},"loc":{"start":{"line":23,"column":2},"end":{"line":23,"column":23}}}},"branchMap":{"0":{"loc":{"start":{"line":16,"column":2},"end":{"line":20,"column":12}},"type":"cond-expr","locations":[{"start":{"line":17,"column":6},"end":{"line":17,"column":22}},{"start":{"line":18,"column":6},"end":{"line":20,"column":12}}]}},"s":{"0":1,"1":1,"2":1,"3":2,"4":1,"5":0,"6":1,"7":0},"f":{"0":1,"1":1,"2":2,"3":0,"4":0},"b":{"0":[0,0]},"_coverageSchema":"332fd63041d2c1bcb487cc26dd0d5f7d97098a6c","hash":"04d8d70e579370378f6030045dac443228c41d83"}
,"/home/marcos/codeminer/zombie-react/src/components/survivor.js": {"path":"/home/marcos/codeminer/zombie-react/src/components/survivor.js","statementMap":{"0":{"start":{"line":6,"column":19},"end":{"line":6,"column":62}},"1":{"start":{"line":6,"column":29},"end":{"line":6,"column":62}},"2":{"start":{"line":7,"column":17},"end":{"line":10,"column":10}},"3":{"start":{"line":8,"column":2},"end":{"line":10,"column":10}},"4":{"start":{"line":13,"column":2},"end":{"line":26,"column":9}}},"fnMap":{"0":{"name":"(anonymous_0)","decl":{"start":{"line":6,"column":19},"end":{"line":6,"column":20}},"loc":{"start":{"line":6,"column":29},"end":{"line":6,"column":62}}},"1":{"name":"(anonymous_1)","decl":{"start":{"line":7,"column":17},"end":{"line":7,"column":18}},"loc":{"start":{"line":8,"column":2},"end":{"line":10,"column":10}}},"2":{"name":"(anonymous_2)","decl":{"start":{"line":12,"column":15},"end":{"line":12,"column":16}},"loc":{"start":{"line":13,"column":2},"end":{"line":26,"column":9}}}},"branchMap":{"0":{"loc":{"start":{"line":6,"column":29},"end":{"line":6,"column":62}},"type":"cond-expr","locations":[{"start":{"line":6,"column":45},"end":{"line":6,"column":51}},{"start":{"line":6,"column":54},"end":{"line":6,"column":62}}]},"1":{"loc":{"start":{"line":8,"column":2},"end":{"line":10,"column":10}},"type":"cond-expr","locations":[{"start":{"line":9,"column":6},"end":{"line":9,"column":62}},{"start":{"line":10,"column":6},"end":{"line":10,"column":10}}]}},"s":{"0":1,"1":1,"2":1,"3":0,"4":1},"f":{"0":1,"1":0,"2":1},"b":{"0":[1,0],"1":[0,0]},"_coverageSchema":"332fd63041d2c1bcb487cc26dd0d5f7d97098a6c","hash":"53207ec7a19433d05501ce6cb8676be0e454275f"}
,"/home/marcos/codeminer/zombie-react/src/fetchers/survivor-fetcher.js": {"path":"/home/marcos/codeminer/zombie-react/src/fetchers/survivor-fetcher.js","statementMap":{"0":{"start":{"line":7,"column":4},"end":{"line":7,"column":36}},"1":{"start":{"line":11,"column":4},"end":{"line":11,"column":15}},"2":{"start":{"line":15,"column":27},"end":{"line":19,"column":2}},"3":{"start":{"line":15,"column":40},"end":{"line":19,"column":1}},"4":{"start":{"line":17,"column":4},"end":{"line":17,"column":31}}},"fnMap":{"0":{"name":"(anonymous_0)","decl":{"start":{"line":6,"column":2},"end":{"line":6,"column":3}},"loc":{"start":{"line":6,"column":22},"end":{"line":8,"column":3}}},"1":{"name":"(anonymous_1)","decl":{"start":{"line":10,"column":2},"end":{"line":10,"column":3}},"loc":{"start":{"line":10,"column":11},"end":{"line":12,"column":3}}},"2":{"name":"(anonymous_2)","decl":{"start":{"line":15,"column":27},"end":{"line":15,"column":28}},"loc":{"start":{"line":15,"column":40},"end":{"line":19,"column":1}}}},"branchMap":{},"s":{"0":0,"1":0,"2":1,"3":0,"4":0},"f":{"0":0,"1":0,"2":0},"b":{},"_coverageSchema":"332fd63041d2c1bcb487cc26dd0d5f7d97098a6c","hash":"7c70fb7ac9ff29e77ef5ce0a55fc5753f3fde025"}
,"/home/marcos/codeminer/zombie-react/test/localStorageSetup.js": {"path":"/home/marcos/codeminer/zombie-react/test/localStorageSetup.js","statementMap":{"0":{"start":{"line":1,"column":25},"end":{"line":14,"column":5}},"1":{"start":{"line":2,"column":14},"end":{"line":2,"column":16}},"2":{"start":{"line":3,"column":2},"end":{"line":13,"column":4}},"3":{"start":{"line":5,"column":6},"end":{"line":5,"column":24}},"4":{"start":{"line":8,"column":6},"end":{"line":8,"column":36}},"5":{"start":{"line":11,"column":6},"end":{"line":11,"column":17}},"6":{"start":{"line":16,"column":0},"end":{"line":16,"column":75}}},"fnMap":{"0":{"name":"(anonymous_0)","decl":{"start":{"line":1,"column":27},"end":{"line":1,"column":28}},"loc":{"start":{"line":1,"column":33},"end":{"line":14,"column":1}}}},"branchMap":{},"s":{"0":7,"1":7,"2":7,"3":1,"4":1,"5":0,"6":7},"f":{"0":7},"b":{},"_coverageSchema":"332fd63041d2c1bcb487cc26dd0d5f7d97098a6c","hash":"838849c5f7f9f549bf4fe2a4b5041ce870bd6245"}
,"/home/marcos/codeminer/zombie-react/test/mocks.js": {"path":"/home/marcos/codeminer/zombie-react/test/mocks.js","statementMap":{"0":{"start":{"line":1,"column":25},"end":{"line":7,"column":1}},"1":{"start":{"line":9,"column":26},"end":{"line":9,"column":79}},"2":{"start":{"line":11,"column":25},"end":{"line":40,"column":1}},"3":{"start":{"line":42,"column":28},"end":{"line":46,"column":31}},"4":{"start":{"line":48,"column":13},"end":{"line":54,"column":1}},"5":{"start":{"line":56,"column":31},"end":{"line":61,"column":1}}},"fnMap":{},"branchMap":{},"s":{"0":1,"1":1,"2":1,"3":1,"4":1,"5":1},"f":{},"b":{},"_coverageSchema":"332fd63041d2c1bcb487cc26dd0d5f7d97098a6c","hash":"2debc687067c75f6e27b9566ff9fd59d33f3c458"}
}
