TN:
SF:/home/marcos/codeminer/zombie-react/src/api.js
FN:7,(anonymous_0)
FN:10,(anonymous_1)
FN:13,(anonymous_2)
FN:16,(anonymous_3)
FN:19,(anonymous_4)
FN:22,(anonymous_5)
FN:25,(anonymous_6)
FN:28,(anonymous_7)
FN:31,(anonymous_8)
FN:34,(anonymous_9)
FNF:10
FNH:10
FNDA:1,(anonymous_0)
FNDA:3,(anonymous_1)
FNDA:1,(anonymous_2)
FNDA:1,(anonymous_3)
FNDA:1,(anonymous_4)
FNDA:1,(anonymous_5)
FNDA:1,(anonymous_6)
FNDA:1,(anonymous_7)
FNDA:1,(anonymous_8)
FNDA:1,(anonymous_9)
DA:5,9
DA:7,9
DA:8,1
DA:10,9
DA:11,3
DA:13,9
DA:14,1
DA:16,9
DA:17,1
DA:19,9
DA:20,1
DA:22,9
DA:23,1
DA:25,9
DA:26,1
DA:28,9
DA:29,1
DA:31,9
DA:32,1
DA:34,9
DA:35,1
LF:21
LH:21
BRF:0
BRH:0
end_of_record
TN:
SF:/home/marcos/codeminer/zombie-react/src/helpers.js
FN:1,(anonymous_0)
FN:4,(anonymous_1)
FN:12,(anonymous_2)
FN:15,(anonymous_3)
FN:16,(anonymous_4)
FN:21,(anonymous_5)
FNF:6
FNH:6
FNDA:1,(anonymous_0)
FNDA:4,(anonymous_1)
FNDA:1,(anonymous_2)
FNDA:5,(anonymous_3)
FNDA:21,(anonymous_4)
FNDA:2,(anonymous_5)
DA:1,12
DA:2,1
DA:4,12
DA:5,4
DA:7,3
DA:9,3
DA:12,12
DA:13,1
DA:15,12
DA:16,5
DA:17,21
DA:21,12
LF:12
LH:12
BRDA:5,0,0,1
BRDA:5,0,1,3
BRDA:16,1,0,9
BRDA:17,2,0,5
BRDA:17,2,1,16
BRF:5
BRH:5
end_of_record
TN:
SF:/home/marcos/codeminer/zombie-react/src/localStorage.js
FN:1,(anonymous_0)
FN:8,(anonymous_1)
FNF:2
FNH:2
FNDA:1,(anonymous_0)
FNDA:3,(anonymous_1)
DA:1,3
DA:2,1
DA:3,1
DA:4,1
DA:8,3
DA:9,3
DA:10,3
DA:11,3
DA:15,2
LF:9
LH:9
BRDA:11,0,0,0
BRDA:11,0,1,3
BRF:2
BRH:1
end_of_record
TN:
SF:/home/marcos/codeminer/zombie-react/src/actions/survivor-actions.js
FN:4,(anonymous_0)
FN:9,(anonymous_1)
FN:9,(anonymous_2)
FN:11,(anonymous_3)
FN:14,(anonymous_4)
FN:19,(anonymous_5)
FN:19,(anonymous_6)
FN:21,(anonymous_7)
FNF:8
FNH:8
FNDA:2,(anonymous_0)
FNDA:1,(anonymous_1)
FNDA:1,(anonymous_2)
FNDA:1,(anonymous_3)
FNDA:2,(anonymous_4)
FNDA:1,(anonymous_5)
FNDA:1,(anonymous_6)
FNDA:1,(anonymous_7)
DA:3,1
DA:4,2
DA:9,1
DA:10,1
DA:11,1
DA:13,1
DA:14,2
DA:19,1
DA:20,1
DA:21,1
LF:10
LH:10
BRF:0
BRH:0
end_of_record
TN:
SF:/home/marcos/codeminer/zombie-react/src/components/properties.js
FN:3,(anonymous_0)
FN:9,(anonymous_1)
FN:13,(anonymous_2)
FNF:3
FNH:2
FNDA:0,(anonymous_0)
FNDA:2,(anonymous_1)
FNDA:4,(anonymous_2)
DA:3,2
DA:4,0
DA:10,2
DA:14,4
LF:4
LH:3
BRDA:3,0,0,0
BRDA:12,1,0,1
BRDA:12,1,1,1
BRF:3
BRH:2
end_of_record
TN:
SF:/home/marcos/codeminer/zombie-react/src/components/report.js
FN:3,(anonymous_0)
FN:6,(anonymous_1)
FN:9,(anonymous_2)
FN:16,(anonymous_3)
FN:17,(anonymous_4)
FN:21,(anonymous_5)
FNF:6
FNH:3
FNDA:0,(anonymous_0)
FNDA:0,(anonymous_1)
FNDA:1,(anonymous_2)
FNDA:1,(anonymous_3)
FNDA:2,(anonymous_4)
FNDA:0,(anonymous_5)
DA:3,1
DA:4,0
DA:6,1
DA:7,0
DA:10,1
DA:16,1
DA:17,1
DA:18,2
DA:21,1
DA:22,0
LF:10
LH:7
BRDA:22,0,0,0
BRDA:22,0,1,0
BRF:2
BRH:0
end_of_record
TN:
SF:/home/marcos/codeminer/zombie-react/src/components/survivor.js
FN:4,(anonymous_0)
FN:5,(anonymous_1)
FN:10,(anonymous_2)
FNF:3
FNH:2
FNDA:1,(anonymous_0)
FNDA:0,(anonymous_1)
FNDA:1,(anonymous_2)
DA:4,1
DA:5,1
DA:6,0
DA:11,1
LF:4
LH:3
BRDA:4,0,0,1
BRDA:4,0,1,0
BRDA:6,1,0,0
BRDA:6,1,1,0
BRDA:10,2,0,1
BRDA:10,3,0,1
BRF:6
BRH:3
end_of_record
TN:
SF:/home/marcos/codeminer/zombie-react/src/ducks/is-signed.js
FN:5,(anonymous_0)
FNF:1
FNH:1
FNDA:4,(anonymous_0)
DA:3,1
DA:6,4
DA:8,1
DA:10,1
DA:12,2
LF:5
LH:5
BRDA:3,0,0,1
BRDA:3,0,1,0
BRDA:5,1,0,1
BRDA:6,2,0,1
BRDA:6,2,1,1
BRDA:6,2,2,2
BRF:6
BRH:5
end_of_record
TN:
SF:/home/marcos/codeminer/zombie-react/src/ducks/items.js
FN:6,(anonymous_0)
FN:20,(anonymous_1)
FN:24,(anonymous_2)
FN:30,(anonymous_3)
FN:30,(anonymous_4)
FN:32,(anonymous_5)
FNF:6
FNH:6
FNDA:4,(anonymous_0)
FNDA:3,(anonymous_1)
FNDA:4,(anonymous_2)
FNDA:1,(anonymous_3)
FNDA:1,(anonymous_4)
FNDA:1,(anonymous_5)
DA:3,2
DA:4,2
DA:7,4
DA:9,1
DA:14,1
DA:16,2
DA:20,3
DA:24,4
DA:29,2
DA:30,2
DA:31,1
DA:33,1
LF:12
LH:12
BRDA:6,0,0,1
BRDA:7,1,0,1
BRDA:7,1,1,1
BRDA:7,1,2,2
BRF:4
BRH:4
end_of_record
TN:
SF:/home/marcos/codeminer/zombie-react/src/ducks/my-survivor.js
FN:15,(anonymous_0)
FN:29,(anonymous_1)
FN:33,(anonymous_2)
FN:37,(anonymous_3)
FN:41,(anonymous_4)
FN:45,(anonymous_5)
FN:52,(anonymous_6)
FN:52,(anonymous_7)
FN:54,(anonymous_8)
FN:56,(anonymous_9)
FN:56,(anonymous_10)
FN:58,(anonymous_11)
FN:60,(anonymous_12)
FN:60,(anonymous_13)
FN:63,(anonymous_14)
FN:64,(anonymous_15)
FNF:16
FNH:16
FNDA:7,(anonymous_0)
FNDA:3,(anonymous_1)
FNDA:2,(anonymous_2)
FNDA:4,(anonymous_3)
FNDA:3,(anonymous_4)
FNDA:4,(anonymous_5)
FNDA:1,(anonymous_6)
FNDA:1,(anonymous_7)
FNDA:1,(anonymous_8)
FNDA:1,(anonymous_9)
FNDA:1,(anonymous_10)
FNDA:1,(anonymous_11)
FNDA:2,(anonymous_12)
FNDA:2,(anonymous_13)
FNDA:1,(anonymous_14)
FNDA:1,(anonymous_15)
DA:6,2
DA:7,2
DA:9,2
DA:10,2
DA:11,2
DA:13,2
DA:16,7
DA:21,4
DA:23,1
DA:25,2
DA:29,3
DA:33,2
DA:37,4
DA:41,3
DA:45,4
DA:50,2
DA:52,2
DA:53,1
DA:54,1
DA:56,2
DA:57,1
DA:58,1
DA:60,2
DA:61,2
DA:63,1
DA:64,1
LF:26
LH:26
BRDA:15,0,0,1
BRDA:15,1,0,1
BRDA:15,1,1,1
BRDA:16,2,0,1
BRDA:16,2,1,2
BRDA:16,2,2,3
BRDA:16,2,3,4
BRDA:16,2,4,1
BRDA:16,2,5,2
BRF:9
BRH:9
end_of_record
TN:
SF:/home/marcos/codeminer/zombie-react/src/ducks/pagination.js
FN:12,(anonymous_0)
FN:16,(anonymous_1)
FNF:2
FNH:2
FNDA:3,(anonymous_0)
FNDA:3,(anonymous_1)
DA:4,1
DA:5,1
DA:12,3
DA:16,3
DA:21,1
DA:22,1
LF:6
LH:6
BRF:0
BRH:0
end_of_record
TN:
SF:/home/marcos/codeminer/zombie-react/src/ducks/raw.js
FN:8,(anonymous_0)
FN:13,(anonymous_1)
FN:13,(anonymous_2)
FN:15,(anonymous_3)
FNF:4
FNH:4
FNDA:3,(anonymous_0)
FNDA:1,(anonymous_1)
FNDA:1,(anonymous_2)
FNDA:1,(anonymous_3)
DA:4,1
DA:8,3
DA:13,1
DA:14,1
DA:15,1
LF:5
LH:5
BRF:0
BRH:0
end_of_record
TN:
SF:/home/marcos/codeminer/zombie-react/src/ducks/report-list.js
FN:9,(anonymous_0)
FN:14,(anonymous_1)
FN:14,(anonymous_2)
FN:16,(anonymous_3)
FNF:4
FNH:4
FNDA:3,(anonymous_0)
FNDA:1,(anonymous_1)
FNDA:1,(anonymous_2)
FNDA:1,(anonymous_3)
DA:5,1
DA:9,3
DA:14,1
DA:15,1
DA:16,1
LF:5
LH:5
BRF:0
BRH:0
end_of_record
TN:
SF:/home/marcos/codeminer/zombie-react/src/ducks/reports.js
FN:5,(anonymous_0)
FN:10,(anonymous_1)
FN:15,(anonymous_2)
FN:15,(anonymous_3)
FN:17,(anonymous_4)
FNF:5
FNH:5
FNDA:3,(anonymous_0)
FNDA:3,(anonymous_1)
FNDA:1,(anonymous_2)
FNDA:1,(anonymous_3)
FNDA:1,(anonymous_4)
DA:3,1
DA:6,3
DA:10,3
DA:15,1
DA:16,1
DA:17,1
LF:6
LH:6
BRDA:5,0,0,1
BRDA:6,1,0,1
BRDA:6,1,1,2
BRF:3
BRH:3
end_of_record
TN:
SF:/home/marcos/codeminer/zombie-react/src/ducks/survivor.js
FN:6,(anonymous_0)
FN:17,(anonymous_1)
FN:21,(anonymous_2)
FN:26,(anonymous_3)
FN:26,(anonymous_4)
FN:28,(anonymous_5)
FN:31,(anonymous_6)
FN:31,(anonymous_7)
FN:33,(anonymous_8)
FNF:9
FNH:9
FNDA:4,(anonymous_0)
FNDA:4,(anonymous_1)
FNDA:3,(anonymous_2)
FNDA:1,(anonymous_3)
FNDA:1,(anonymous_4)
FNDA:1,(anonymous_5)
FNDA:1,(anonymous_6)
FNDA:1,(anonymous_7)
FNDA:1,(anonymous_8)
DA:3,3
DA:4,3
DA:7,4
DA:9,1
DA:11,1
DA:13,2
DA:17,4
DA:21,3
DA:26,3
DA:27,1
DA:28,1
DA:31,3
DA:32,1
DA:33,1
LF:14
LH:14
BRDA:6,0,0,1
BRDA:7,1,0,1
BRDA:7,1,1,1
BRDA:7,1,2,2
BRF:4
BRH:4
end_of_record
TN:
SF:/home/marcos/codeminer/zombie-react/src/ducks/survivors.js
FN:8,(anonymous_0)
FN:13,(anonymous_1)
FN:13,(anonymous_2)
FN:15,(anonymous_3)
FNF:4
FNH:4
FNDA:3,(anonymous_0)
FNDA:1,(anonymous_1)
FNDA:1,(anonymous_2)
FNDA:1,(anonymous_3)
DA:4,1
DA:8,3
DA:13,1
DA:14,1
DA:15,1
LF:5
LH:5
BRF:0
BRH:0
end_of_record
TN:
SF:/home/marcos/codeminer/zombie-react/src/selectors/survivor-selector.js
FN:4,(anonymous_0)
FN:4,(anonymous_1)
FN:7,(anonymous_2)
FN:10,(anonymous_3)
FN:16,(anonymous_4)
FN:17,(anonymous_5)
FN:21,(anonymous_6)
FN:29,(anonymous_7)
FN:30,(anonymous_8)
FN:34,(anonymous_9)
FN:41,(anonymous_10)
FN:45,(anonymous_11)
FNF:12
FNH:12
FNDA:1,(anonymous_0)
FNDA:1,(anonymous_1)
FNDA:1,(anonymous_2)
FNDA:2,(anonymous_3)
FNDA:1,(anonymous_4)
FNDA:1,(anonymous_5)
FNDA:1,(anonymous_6)
FNDA:2,(anonymous_7)
FNDA:5,(anonymous_8)
FNDA:2,(anonymous_9)
FNDA:2,(anonymous_10)
FNDA:1,(anonymous_11)
DA:4,10
DA:5,1
DA:7,10
DA:8,1
DA:10,10
DA:12,2
DA:13,2
DA:16,10
DA:17,10
DA:19,10
DA:22,1
DA:23,1
DA:29,10
DA:30,2
DA:31,5
DA:34,10
DA:35,2
DA:36,2
DA:41,10
DA:45,10
DA:46,1
DA:47,1
DA:48,1
DA:50,1
DA:56,1
DA:57,1
DA:58,1
DA:59,1
LF:28
LH:28
BRDA:23,0,0,1
BRDA:23,0,1,0
BRDA:36,1,0,0
BRDA:36,1,1,2
BRF:4
BRH:2
end_of_record
TN:
SF:/home/marcos/codeminer/zombie-react/test/localStorageSetup.js
FN:1,(anonymous_0)
FNF:1
FNH:1
FNDA:18,(anonymous_0)
DA:1,18
DA:2,18
DA:3,18
DA:5,4
DA:8,3
DA:11,2
DA:16,18
LF:7
LH:7
BRF:0
BRH:0
end_of_record
