TN:
SF:/home/marcos/codeminer/zombie-react/src/api.js
FN:7,(anonymous_0)
FN:10,(anonymous_1)
FN:14,(anonymous_2)
FN:18,(anonymous_3)
FN:21,(anonymous_4)
FN:24,(anonymous_5)
FN:27,(anonymous_6)
FN:30,(anonymous_7)
FN:33,(anonymous_8)
FN:36,(anonymous_9)
FN:39,(anonymous_10)
FN:42,(anonymous_11)
FN:43,(anonymous_12)
FN:58,(anonymous_13)
FNF:14
FNH:5
FNDA:1,(anonymous_0)
FNDA:3,(anonymous_1)
FNDA:1,(anonymous_2)
FNDA:0,(anonymous_3)
FNDA:0,(anonymous_4)
FNDA:1,(anonymous_5)
FNDA:1,(anonymous_6)
FNDA:0,(anonymous_7)
FNDA:0,(anonymous_8)
FNDA:0,(anonymous_9)
FNDA:0,(anonymous_10)
FNDA:0,(anonymous_11)
FNDA:0,(anonymous_12)
FNDA:0,(anonymous_13)
DA:5,2
DA:7,2
DA:8,1
DA:10,2
DA:11,3
DA:14,2
DA:15,1
DA:18,2
DA:19,0
DA:21,2
DA:22,0
DA:24,2
DA:25,1
DA:27,2
DA:28,1
DA:30,2
DA:31,0
DA:33,2
DA:34,0
DA:36,2
DA:37,0
DA:39,2
DA:40,0
DA:42,2
DA:43,0
DA:44,0
DA:45,0
DA:46,0
DA:48,0
DA:58,2
DA:59,0
DA:60,0
DA:61,0
DA:63,0
DA:69,0
DA:70,0
DA:71,0
DA:72,0
LF:38
LH:19
BRDA:45,0,0,0
BRDA:45,0,1,0
BRDA:46,1,0,0
BRDA:46,1,1,0
BRDA:46,2,0,0
BRDA:46,2,1,0
BRF:6
BRH:0
end_of_record
TN:
SF:/home/marcos/codeminer/zombie-react/src/helpers.js
FN:1,(anonymous_0)
FN:4,(anonymous_1)
FN:12,(anonymous_2)
FN:16,(anonymous_3)
FNF:4
FNH:1
FNDA:0,(anonymous_0)
FNDA:1,(anonymous_1)
FNDA:0,(anonymous_2)
FNDA:0,(anonymous_3)
DA:1,2
DA:2,0
DA:4,2
DA:5,1
DA:7,1
DA:9,1
DA:12,2
DA:16,2
DA:17,0
LF:9
LH:7
BRDA:5,0,0,0
BRDA:5,0,1,1
BRF:2
BRH:1
end_of_record
TN:
SF:/home/marcos/codeminer/zombie-react/src/actions/survivor-actions.js
FN:9,(anonymous_0)
FN:12,(anonymous_1)
FN:12,(anonymous_2)
FN:14,(anonymous_3)
FN:18,(anonymous_4)
FN:23,(anonymous_5)
FN:23,(anonymous_6)
FN:25,(anonymous_7)
FN:35,(anonymous_8)
FN:35,(anonymous_9)
FN:36,(anonymous_10)
FN:42,(anonymous_11)
FN:47,(anonymous_12)
FN:47,(anonymous_13)
FN:56,(anonymous_14)
FN:56,(anonymous_15)
FN:58,(anonymous_16)
FN:63,(anonymous_17)
FN:65,(anonymous_18)
FN:66,(anonymous_19)
FN:69,(anonymous_20)
FN:77,(anonymous_21)
FN:82,(anonymous_22)
FN:85,(anonymous_23)
FN:85,(anonymous_24)
FN:88,(anonymous_25)
FN:89,(anonymous_26)
FN:95,(anonymous_27)
FN:95,(anonymous_28)
FN:97,(anonymous_29)
FN:99,(anonymous_30)
FN:107,(anonymous_31)
FN:109,(anonymous_32)
FN:109,(anonymous_33)
FN:112,(anonymous_34)
FN:118,(anonymous_35)
FN:119,(anonymous_36)
FN:121,(anonymous_37)
FN:121,(anonymous_38)
FN:124,(anonymous_39)
FN:125,(anonymous_40)
FN:130,(anonymous_41)
FN:132,(anonymous_42)
FN:132,(anonymous_43)
FN:134,(anonymous_44)
FN:141,(anonymous_45)
FN:143,(anonymous_46)
FN:143,(anonymous_47)
FN:145,(anonymous_48)
FN:148,(anonymous_49)
FN:152,(anonymous_50)
FNF:51
FNH:20
FNDA:1,(anonymous_0)
FNDA:1,(anonymous_1)
FNDA:0,(anonymous_2)
FNDA:0,(anonymous_3)
FNDA:0,(anonymous_4)
FNDA:1,(anonymous_5)
FNDA:1,(anonymous_6)
FNDA:0,(anonymous_7)
FNDA:1,(anonymous_8)
FNDA:0,(anonymous_9)
FNDA:0,(anonymous_10)
FNDA:1,(anonymous_11)
FNDA:1,(anonymous_12)
FNDA:1,(anonymous_13)
FNDA:1,(anonymous_14)
FNDA:1,(anonymous_15)
FNDA:0,(anonymous_16)
FNDA:0,(anonymous_17)
FNDA:0,(anonymous_18)
FNDA:0,(anonymous_19)
FNDA:0,(anonymous_20)
FNDA:0,(anonymous_21)
FNDA:0,(anonymous_22)
FNDA:1,(anonymous_23)
FNDA:1,(anonymous_24)
FNDA:0,(anonymous_25)
FNDA:0,(anonymous_26)
FNDA:1,(anonymous_27)
FNDA:1,(anonymous_28)
FNDA:0,(anonymous_29)
FNDA:0,(anonymous_30)
FNDA:0,(anonymous_31)
FNDA:0,(anonymous_32)
FNDA:0,(anonymous_33)
FNDA:0,(anonymous_34)
FNDA:0,(anonymous_35)
FNDA:0,(anonymous_36)
FNDA:0,(anonymous_37)
FNDA:0,(anonymous_38)
FNDA:0,(anonymous_39)
FNDA:0,(anonymous_40)
FNDA:0,(anonymous_41)
FNDA:0,(anonymous_42)
FNDA:0,(anonymous_43)
FNDA:0,(anonymous_44)
FNDA:3,(anonymous_45)
FNDA:2,(anonymous_46)
FNDA:2,(anonymous_47)
FNDA:1,(anonymous_48)
FNDA:1,(anonymous_49)
FNDA:1,(anonymous_50)
DA:7,2
DA:9,2
DA:10,1
DA:12,2
DA:13,0
DA:14,0
DA:16,2
DA:18,2
DA:23,2
DA:24,1
DA:26,0
DA:27,0
DA:28,0
DA:30,0
DA:33,2
DA:35,2
DA:36,0
DA:37,0
DA:40,2
DA:42,2
DA:47,2
DA:48,1
DA:49,1
DA:51,1
DA:52,1
DA:55,2
DA:56,2
DA:57,1
DA:59,0
DA:60,0
DA:63,2
DA:64,0
DA:66,0
DA:67,0
DA:70,0
DA:71,0
DA:74,2
DA:75,2
DA:77,2
DA:82,2
DA:83,0
DA:85,2
DA:86,1
DA:88,0
DA:89,0
DA:93,2
DA:95,2
DA:96,1
DA:98,0
DA:100,0
DA:101,0
DA:105,2
DA:107,2
DA:109,2
DA:110,0
DA:112,0
DA:115,2
DA:116,2
DA:118,2
DA:119,2
DA:121,2
DA:122,0
DA:124,0
DA:125,0
DA:128,2
DA:130,2
DA:132,2
DA:133,0
DA:135,0
DA:136,0
DA:139,2
DA:140,2
DA:141,3
DA:143,2
DA:144,2
DA:146,1
DA:147,1
DA:148,1
DA:151,2
DA:152,2
DA:153,2
LF:81
LH:52
BRF:0
BRH:0
end_of_record
TN:
SF:/home/marcos/codeminer/zombie-react/src/components/my-stats.js
FN:4,(anonymous_0)
FN:14,(anonymous_1)
FNF:2
FNH:1
FNDA:0,(anonymous_0)
FNDA:1,(anonymous_1)
DA:4,1
DA:5,0
DA:15,1
LF:3
LH:2
BRDA:5,0,0,0
BRDA:5,0,1,0
BRF:2
BRH:0
end_of_record
TN:
SF:/home/marcos/codeminer/zombie-react/src/components/properties.js
FN:3,(anonymous_0)
FN:9,(anonymous_1)
FN:13,(anonymous_2)
FNF:3
FNH:2
FNDA:0,(anonymous_0)
FNDA:1,(anonymous_1)
FNDA:4,(anonymous_2)
DA:3,3
DA:4,0
DA:10,1
DA:14,4
LF:4
LH:3
BRDA:3,0,0,0
BRDA:12,1,0,1
BRDA:12,1,1,0
BRF:3
BRH:1
end_of_record
TN:
SF:/home/marcos/codeminer/zombie-react/src/components/report.js
FN:3,(anonymous_0)
FN:10,(anonymous_1)
FN:11,(anonymous_2)
FN:15,(anonymous_3)
FN:22,(anonymous_4)
FNF:5
FNH:3
FNDA:1,(anonymous_0)
FNDA:1,(anonymous_1)
FNDA:2,(anonymous_2)
FNDA:0,(anonymous_3)
FNDA:0,(anonymous_4)
DA:4,1
DA:10,1
DA:11,1
DA:12,2
DA:15,1
DA:16,0
DA:22,1
DA:23,0
LF:8
LH:6
BRDA:16,0,0,0
BRDA:16,0,1,0
BRF:2
BRH:0
end_of_record
TN:
SF:/home/marcos/codeminer/zombie-react/src/components/survivor.js
FN:6,(anonymous_0)
FN:7,(anonymous_1)
FN:12,(anonymous_2)
FNF:3
FNH:2
FNDA:1,(anonymous_0)
FNDA:0,(anonymous_1)
FNDA:1,(anonymous_2)
DA:6,1
DA:7,1
DA:8,0
DA:13,1
LF:4
LH:3
BRDA:6,0,0,1
BRDA:6,0,1,0
BRDA:8,1,0,0
BRDA:8,1,1,0
BRF:4
BRH:1
end_of_record
TN:
SF:/home/marcos/codeminer/zombie-react/src/fetchers/survivor-fetcher.js
FN:6,(anonymous_0)
FN:10,(anonymous_1)
FN:15,(anonymous_2)
FNF:3
FNH:0
FNDA:0,(anonymous_0)
FNDA:0,(anonymous_1)
FNDA:0,(anonymous_2)
DA:7,0
DA:11,0
DA:15,1
DA:17,0
LF:4
LH:1
BRF:0
BRH:0
end_of_record
TN:
SF:/home/marcos/codeminer/zombie-react/test/localStorageSetup.js
FN:1,(anonymous_0)
FNF:1
FNH:1
FNDA:7,(anonymous_0)
DA:1,7
DA:2,7
DA:3,7
DA:5,1
DA:8,1
DA:11,0
DA:16,7
LF:7
LH:6
BRF:0
BRH:0
end_of_record
TN:
SF:/home/marcos/codeminer/zombie-react/test/mocks.js
FNF:0
FNH:0
DA:1,1
DA:9,1
DA:11,1
DA:42,1
DA:48,1
DA:56,1
LF:6
LH:6
BRF:0
BRH:0
end_of_record
